

=== Migration Session Started: 2025-08-27T14:42:11.057Z ===
[2025-08-27T14:42:11.057Z] [INFO ] Starting Phase 4 Step 1: Extract Bookings
[2025-08-27T14:42:11.059Z] [INFO ] Loaded 437 user ID mappings
[2025-08-27T14:42:11.059Z] [INFO ] Parsing bookings from MySQL dump...
[2025-08-27T14:42:11.059Z] [INFO ] Parsing booking table from MySQL dump
[2025-08-27T14:42:11.064Z] [SUCCESS] Parsed 5 records from booking
[2025-08-27T14:42:11.064Z] [INFO ] Found 5 bookings
[2025-08-27T14:42:11.064Z] [INFO ] Transforming bookings...
[2025-08-27T14:42:11.065Z] [SUCCESS] ✅ Bookings extracted successfully!
[2025-08-27T14:42:11.065Z] [INFO ] 📊 Statistics:
[2025-08-27T14:42:11.065Z] [INFO ]    - Total bookings found: 5
[2025-08-27T14:42:11.065Z] [INFO ]    - Bookings to migrate: 5
[2025-08-27T14:42:11.065Z] [INFO ]    - Skipped bookings: 0
[2025-08-27T14:42:11.065Z] [INFO ]    - Bookings with JSON services: 0
[2025-08-27T14:42:11.065Z] [INFO ]    - Missing user mapping: 0
[2025-08-27T14:42:11.065Z] [INFO ]    - Status mappings:
Data: {
  "system_cancel": 2,
  "completed": 2,
  "expired": 1
}
