

=== Migration Session Started: 2025-08-27T14:43:20.875Z ===
[2025-08-27T14:43:20.876Z] [INFO ] Starting Phase 4 Step 2: Create Bookings in Supabase
[2025-08-27T14:43:20.877Z] [INFO ] Creating 5 bookings in Supabase...
[2025-08-27T14:43:20.905Z] [ERROR] ❌ Failed to create booking 1763609f-34e4-4bbd-87be-898a39b512f6: insert or update on table "bookings" violates foreign key constraint "bookings_address_id_fkey"
[2025-08-27T14:43:20.914Z] [ERROR] ❌ Failed to create booking 3920843b-738f-496d-8d0e-9c54ec696939: insert or update on table "bookings" violates foreign key constraint "bookings_address_id_fkey"
[2025-08-27T14:43:20.922Z] [ERROR] ❌ Failed to create booking 4bbd6832-c31f-4456-a5c8-298fb2ed88ab: insert or update on table "bookings" violates foreign key constraint "bookings_address_id_fkey"
[2025-08-27T14:43:20.930Z] [ERROR] ❌ Failed to create booking 4fbb10f5-35c9-40d4-a9ab-31af521c7799: insert or update on table "bookings" violates foreign key constraint "bookings_address_id_fkey"
[2025-08-27T14:43:20.937Z] [ERROR] ❌ Failed to create booking 5107388a-26c7-48fa-8e43-efde6803c5d8: insert or update on table "bookings" violates foreign key constraint "bookings_address_id_fkey"
[2025-08-27T14:43:20.937Z] [SUCCESS] ✅ Bookings created successfully!
[2025-08-27T14:43:20.937Z] [INFO ] 📊 Creation Summary:
[2025-08-27T14:43:20.937Z] [INFO ]    - Total bookings: 5
[2025-08-27T14:43:20.937Z] [INFO ]    - Successfully created: 0
[2025-08-27T14:43:20.937Z] [INFO ]    - Failed: 5
[2025-08-27T14:43:20.938Z] [INFO ]    - Status distribution:
Data: {}
[2025-08-27T14:43:20.938Z] [INFO ]    - Price range: 0-0 NOK (avg: 0)
[2025-08-27T14:43:20.938Z] [WARN ] ⚠️  5 bookings failed to create. Check logs for details.


=== Migration Session Started: 2025-08-27T14:43:57.382Z ===
[2025-08-27T14:43:57.383Z] [INFO ] Starting Phase 4 Step 2: Create Bookings in Supabase
[2025-08-27T14:43:57.383Z] [INFO ] Creating 5 bookings in Supabase...
[2025-08-27T14:43:57.444Z] [SUCCESS] ✅ Bookings created successfully!
[2025-08-27T14:43:57.444Z] [INFO ] 📊 Creation Summary:
[2025-08-27T14:43:57.444Z] [INFO ]    - Total bookings: 5
[2025-08-27T14:43:57.444Z] [INFO ]    - Successfully created: 5
[2025-08-27T14:43:57.444Z] [INFO ]    - Failed: 0
[2025-08-27T14:43:57.444Z] [INFO ]    - Status distribution:
Data: {
  "cancelled": 3,
  "completed": 2
}
[2025-08-27T14:43:57.444Z] [INFO ]    - Price range: 10-228 NOK (avg: 93)


=== Migration Session Started: 2025-08-27T18:48:58.859Z ===
[2025-08-27T18:48:58.860Z] [INFO ] Starting Phase 4 Step 2: Create Bookings in Supabase
[2025-08-27T18:48:58.861Z] [INFO ] Creating 5 bookings in Supabase...
[2025-08-27T18:48:58.888Z] [SUCCESS] ✅ Bookings created successfully!
[2025-08-27T18:48:58.888Z] [INFO ] 📊 Creation Summary:
[2025-08-27T18:48:58.888Z] [INFO ]    - Total bookings: 5
[2025-08-27T18:48:58.888Z] [INFO ]    - Successfully created: 5
[2025-08-27T18:48:58.888Z] [INFO ]    - Failed: 0
[2025-08-27T18:48:58.888Z] [INFO ]    - Status distribution:
Data: {
  "cancelled": 3,
  "completed": 2
}
[2025-08-27T18:48:58.888Z] [INFO ]    - Price range: 10-228 NOK (avg: 93)
