[2025-08-27T13:39:15.796Z] [DEBUG] Parsing buyer table from dump file
[2025-08-27T13:45:11.013Z] [DEBUG] Parsing buyer table from dump file
[2025-08-27T13:45:11.015Z] [DEBUG] Found columns for buyer:
Data: [
  "id",
  "name",
  "phone_number",
  "email",
  "default_address_id",
  "is_deleted",
  "phone_verified",
  "email_verified",
  "bankid_verified",
  "sms_enabled",
  "email_enabled",
  "last_login_at",
  "created_at",
  "updated_at",
  "deleted_at",
  "gender",
  "stripe_customer_id",
  "profile_picture_uploaded",
  "is_blocked"
]
[2025-08-27T13:45:11.017Z] [DEBUG] Parsed 278 records from buyer
[2025-08-27T13:45:11.018Z] [DEBUG] Parsing stylist table from dump file
[2025-08-27T13:45:11.029Z] [DEBUG] Found columns for stylist:
Data: [
  "id",
  "name",
  "phone_number",
  "email",
  "default_address_id",
  "is_deleted",
  "phone_verified",
  "email_verified",
  "bankid_verified",
  "sms_enabled",
  "email_enabled",
  "last_login_at",
  "created_at",
  "updated_at",
  "deleted_at",
  "gender",
  "stripe_account_id",
  "bio",
  "commission_percentage",
  "facebook_profile",
  "instagram_profile",
  "twitter_profile",
  "is_active",
  "can_travel",
  "travel_distance",
  "salon_id",
  "stripe_onboarding_completed",
  "scheduler_resource_id",
  "profile_picture_uploaded",
  "has_own_place",
  "is_blocked"
]
[2025-08-27T13:45:11.030Z] [DEBUG] Parsed 221 records from stylist
[2025-08-27T13:45:11.032Z] [DEBUG] Parsing buyer table from dump file
[2025-08-27T13:45:11.034Z] [DEBUG] Found columns for buyer:
Data: [
  "id",
  "name",
  "phone_number",
  "email",
  "default_address_id",
  "is_deleted",
  "phone_verified",
  "email_verified",
  "bankid_verified",
  "sms_enabled",
  "email_enabled",
  "last_login_at",
  "created_at",
  "updated_at",
  "deleted_at",
  "gender",
  "stripe_customer_id",
  "profile_picture_uploaded",
  "is_blocked"
]
[2025-08-27T13:45:11.036Z] [DEBUG] Parsed 278 records from buyer
[2025-08-27T13:45:11.036Z] [DEBUG] Parsing stylist table from dump file
[2025-08-27T13:45:11.048Z] [DEBUG] Found columns for stylist:
Data: [
  "id",
  "name",
  "phone_number",
  "email",
  "default_address_id",
  "is_deleted",
  "phone_verified",
  "email_verified",
  "bankid_verified",
  "sms_enabled",
  "email_enabled",
  "last_login_at",
  "created_at",
  "updated_at",
  "deleted_at",
  "gender",
  "stripe_account_id",
  "bio",
  "commission_percentage",
  "facebook_profile",
  "instagram_profile",
  "twitter_profile",
  "is_active",
  "can_travel",
  "travel_distance",
  "salon_id",
  "stripe_onboarding_completed",
  "scheduler_resource_id",
  "profile_picture_uploaded",
  "has_own_place",
  "is_blocked"
]
[2025-08-27T13:45:11.049Z] [DEBUG] Parsed 221 records from stylist
[2025-08-27T13:45:11.052Z] [DEBUG] Duplicate user found
Data: {
  "email": "example@example.com",
  "resolution": "merge_to_stylist",
  "reason": "Stylist account has business profile data (bio, social media, etc.)"
}
[2025-08-27T13:45:11.052Z] [DEBUG] Duplicate user found
Data: {
  "email": "swati@ymirlabs.com",
  "resolution": "merge_to_stylist",
  "reason": "Stylist account has business profile data (bio, social media, etc.)"
}
[2025-08-27T13:45:11.052Z] [DEBUG] Duplicate user found
Data: {
  "email": "five@example.com",
  "resolution": "merge_to_stylist",
  "reason": "Stylist account has business profile data (bio, social media, etc.)"
}
[2025-08-27T13:45:11.053Z] [DEBUG] Duplicate user found
Data: {
  "email": "amadu@nabostylisten.no",
  "resolution": "merge_to_stylist",
  "reason": "Stylist account has business profile data (bio, social media, etc.)"
}
[2025-08-27T13:45:11.053Z] [DEBUG] Duplicate user found
Data: {
  "email": "pooja@ymirlabs.com",
  "resolution": "merge_to_stylist",
  "reason": "Stylist account has business profile data (bio, social media, etc.)"
}
[2025-08-27T13:45:11.053Z] [DEBUG] Duplicate user found
Data: {
  "email": "shruti.a.kudache@gmail.com",
  "resolution": "merge_to_stylist",
  "reason": "Stylist account has business profile data (bio, social media, etc.)"
}
[2025-08-27T13:45:11.053Z] [DEBUG] Duplicate user found
Data: {
  "email": "qqq@example.com",
  "resolution": "merge_to_stylist",
  "reason": "Stylist account has business profile data (bio, social media, etc.)"
}
[2025-08-27T13:45:11.053Z] [DEBUG] Duplicate user found
Data: {
  "email": "sghosh1792@gmail.com",
  "resolution": "merge_to_stylist",
  "reason": "Stylist account has business profile data (bio, social media, etc.)"
}
[2025-08-27T13:45:11.053Z] [DEBUG] Duplicate user found
Data: {
  "email": "hy@example.com",
  "resolution": "merge_to_stylist",
  "reason": "Stylist account has business profile data (bio, social media, etc.)"
}
[2025-08-27T13:45:11.053Z] [DEBUG] Duplicate user found
Data: {
  "email": "g@g.com",
  "resolution": "merge_to_stylist",
  "reason": "Stylist account has business profile data (bio, social media, etc.)"
}
[2025-08-27T13:45:11.053Z] [DEBUG] Duplicate user found
Data: {
  "email": "nn@example.com",
  "resolution": "merge_to_stylist",
  "reason": "Stylist account has business profile data (bio, social media, etc.)"
}
[2025-08-27T13:45:11.210Z] [DEBUG] Created auth user: example@example.com
Data: {
  "supabase_id": "0d28af80-552d-48ca-802e-7ff05b909eae",
  "original_id": "06698bdc-60a0-4512-963f-96e58b22c3d0",
  "role": "stylist"
}
[2025-08-27T13:45:11.388Z] [DEBUG] Created auth user: swati@ymirlabs.com
Data: {
  "supabase_id": "11bae07d-81b3-4326-b7e2-120642f7a066",
  "original_id": "c813a87a-4fb5-4864-b2c0-0657b2b4b538",
  "role": "stylist"
}
[2025-08-27T13:45:11.564Z] [DEBUG] Created auth user: five@example.com
Data: {
  "supabase_id": "f8f097b9-1783-40ac-904c-bb3011fb7494",
  "original_id": "7e2bfdf5-ea3f-499d-a4a3-e353f07ddea9",
  "role": "stylist"
}
[2025-08-27T13:45:11.738Z] [DEBUG] Created auth user: amadu@nabostylisten.no
Data: {
  "supabase_id": "53b79e9d-61ec-4ac9-be90-98c219136a27",
  "original_id": "647a2bfe-e74e-47f7-a62d-ba66a24f4d9a",
  "role": "stylist"
}
[2025-08-27T13:45:11.913Z] [DEBUG] Created auth user: pooja@ymirlabs.com
Data: {
  "supabase_id": "1ecee29b-05f5-4213-a388-e87621c570e5",
  "original_id": "bd6e6f4e-f6e5-433a-af1b-2ef2f52785b5",
  "role": "stylist"
}
[2025-08-27T13:45:12.088Z] [DEBUG] Created auth user: shruti.a.kudache@gmail.com
Data: {
  "supabase_id": "af8aa179-af2e-49d9-9202-9b73c81c8dda",
  "original_id": "dc3cec08-6bd4-46c9-ae6c-ab26b2ced4be",
  "role": "stylist"
}
[2025-08-27T13:45:12.263Z] [DEBUG] Created auth user: qqq@example.com
Data: {
  "supabase_id": "0586d279-4fed-442e-be0b-afc706377a91",
  "original_id": "1fcd4cc6-926c-4289-87b5-784d1ffe3350",
  "role": "stylist"
}
[2025-08-27T13:45:12.436Z] [DEBUG] Created auth user: sghosh1792@gmail.com
Data: {
  "supabase_id": "54fab002-149e-472a-8bc3-51613c3e25a3",
  "original_id": "52734b9e-e775-4144-b498-5818002089db",
  "role": "stylist"
}
[2025-08-27T13:45:12.603Z] [DEBUG] Created auth user: hy@example.com
Data: {
  "supabase_id": "984662c2-ce32-4f92-abe7-aa621a1dbdda",
  "original_id": "86b06f53-a1e4-49a5-99a3-432d4736b27d",
  "role": "stylist"
}
[2025-08-27T13:45:12.782Z] [DEBUG] Created auth user: g@g.com
Data: {
  "supabase_id": "469f088e-2324-4429-9f5b-0803ff7f764c",
  "original_id": "8edb2561-fde6-483e-9c47-b8e27865ffd8",
  "role": "stylist"
}
[2025-08-27T13:45:13.479Z] [DEBUG] Created auth user: nn@example.com
Data: {
  "supabase_id": "0f368687-4917-4fcb-811b-5524cf1d3eda",
  "original_id": "e37b0038-7b3f-40fe-9277-e49f3b0ea57e",
  "role": "stylist"
}
[2025-08-27T13:45:13.656Z] [DEBUG] Created auth user: gfd@example.com
Data: {
  "supabase_id": "037454f3-b1e6-4ce8-af85-dfefda7f0a5a",
  "original_id": "003ae823-deda-4a0b-bf3f-2450631670fd",
  "role": "customer"
}
[2025-08-27T13:45:13.830Z] [DEBUG] Created auth user: 123@example.com
Data: {
  "supabase_id": "d2ab5861-ec01-4af2-8e40-fa859f68c883",
  "original_id": "005d7f37-ee6b-458f-8827-05dc627eec5c",
  "role": "customer"
}
[2025-08-27T13:45:14.004Z] [DEBUG] Created auth user: aa99@aa.aa
Data: {
  "supabase_id": "4009d121-1888-428f-841d-11c2ee23ee3c",
  "original_id": "02dc55a8-987d-4199-8b35-91cc4690a939",
  "role": "customer"
}
[2025-08-27T13:45:14.181Z] [DEBUG] Created auth user: rest@example.ccom
Data: {
  "supabase_id": "9c9edd0a-91df-4926-a23a-6e3f14daf9ea",
  "original_id": "03045bb2-0caa-43dc-88d9-7eb614622d6d",
  "role": "customer"
}
[2025-08-27T13:45:14.353Z] [DEBUG] Created auth user: taraa@examplee.com
Data: {
  "supabase_id": "c847f4f0-39e2-4420-a752-7220ccaa6a8d",
  "original_id": "03114582-34cd-4f82-a240-0b2138747aa2",
  "role": "customer"
}
[2025-08-27T13:45:14.526Z] [DEBUG] Created auth user: rty@example.com
Data: {
  "supabase_id": "20b078ff-6d93-48f4-a298-1c77af3a8186",
  "original_id": "046ceb91-4f7b-41d8-b51c-ed82576914c0",
  "role": "customer"
}
[2025-08-27T13:45:14.691Z] [DEBUG] Created auth user: test@examplee.comm
Data: {
  "supabase_id": "56b24483-fc35-442f-87a2-8a6ffd497506",
  "original_id": "056d7d43-4f07-41e3-90c5-d29d87a5d378",
  "role": "customer"
}
[2025-08-27T13:45:14.866Z] [DEBUG] Created auth user: tera@example.cc
Data: {
  "supabase_id": "ad6d0206-7f0d-4dd8-b722-09c2d2ffb499",
  "original_id": "09fbe3e4-ae3e-4c42-a03c-d23520c93fdb",
  "role": "customer"
}
[2025-08-27T13:45:15.043Z] [DEBUG] Created auth user: ana@gmail.com
Data: {
  "supabase_id": "ecc6b2a6-56ce-4fe9-b080-a0210f6072c3",
  "original_id": "0aca3227-5609-4a25-9fdb-c9a57c2afa4e",
  "role": "customer"
}
[2025-08-27T13:45:15.716Z] [DEBUG] Created auth user: bruh@this.com
Data: {
  "supabase_id": "6d5204b5-f85a-40c2-a8bd-9bfcde046243",
  "original_id": "0be34784-c69d-451e-bab0-cebaf9278e01",
  "role": "customer"
}
[2025-08-27T13:45:15.892Z] [DEBUG] Created auth user: shreya@ymirlabs.com
Data: {
  "supabase_id": "13ad7824-f05f-4e48-be59-5c129baead0c",
  "original_id": "0c3f2a76-9102-4556-968b-ee4b86ca9d7b",
  "role": "customer"
}
[2025-08-27T13:45:16.067Z] [DEBUG] Created auth user: user22@gh.ch
Data: {
  "supabase_id": "1be39b56-6ac4-43cc-8a1d-73efa87b3c17",
  "original_id": "0d8d2bd9-aa8f-4337-a752-1c0033b10c58",
  "role": "customer"
}
[2025-08-27T13:45:16.242Z] [DEBUG] Created auth user: tesrss@mailinator.com
Data: {
  "supabase_id": "f3109649-a880-4b59-923c-46adb9797a3c",
  "original_id": "0d993948-dc0f-41d1-a5f1-0ec838ba8f5b",
  "role": "customer"
}
[2025-08-27T13:45:16.418Z] [DEBUG] Created auth user: werty@example.cc
Data: {
  "supabase_id": "36f5034a-8bcf-4616-9112-914f632d83ee",
  "original_id": "0db56508-4945-430a-965e-2bd0153fb1a5",
  "role": "customer"
}
[2025-08-27T13:45:16.590Z] [DEBUG] Created auth user: hy1@example.com
Data: {
  "supabase_id": "ab8e7cea-491e-4ea8-8776-b9f071d76731",
  "original_id": "0df88422-beb5-4dc3-b2ef-5dda2da29cdf",
  "role": "customer"
}
[2025-08-27T13:45:16.760Z] [DEBUG] Created auth user: tyert@example.com
Data: {
  "supabase_id": "c482bdcd-475d-4197-b9be-91d874353be8",
  "original_id": "0e1d0fd6-c674-4921-b713-c55b20a1dfb1",
  "role": "customer"
}
[2025-08-27T13:45:16.935Z] [DEBUG] Created auth user: wqsdf@example.com
Data: {
  "supabase_id": "85f74de7-b6aa-4713-89d6-9e80106cff7a",
  "original_id": "0e8ba44a-c3fb-4f6a-a44c-60a85111c90e",
  "role": "customer"
}
[2025-08-27T13:45:17.110Z] [DEBUG] Created auth user: anushka9927@gmail.com
Data: {
  "supabase_id": "3cc0c4b2-70cd-476a-a5f9-d30a185efeb2",
  "original_id": "0eba7b6f-e241-4e09-8669-8b0d0dba1496",
  "role": "customer"
}
[2025-08-27T13:45:17.286Z] [DEBUG] Created auth user: hy2@example.com
Data: {
  "supabase_id": "c3906c5c-d36d-4276-b610-6d34597f4bab",
  "original_id": "0f9395e2-e2e4-4c71-b579-0a94464d3b84",
  "role": "customer"
}
[2025-08-27T13:45:17.979Z] [DEBUG] Created auth user: hyfvbj@example.com
Data: {
  "supabase_id": "9a90b28a-9725-4f04-9ef0-61847cb2f4f0",
  "original_id": "0fd6fc92-c58d-4338-ae5d-7ae3ef067cca",
  "role": "customer"
}
[2025-08-27T13:45:18.157Z] [DEBUG] Created auth user: dacheq@gmail.com
Data: {
  "supabase_id": "e84a9b21-3384-4598-8286-5f47c845dfe3",
  "original_id": "13b44ea0-4562-47b8-aacc-ca11361fab5b",
  "role": "customer"
}
[2025-08-27T13:45:18.326Z] [DEBUG] Created auth user: Okay@example.comm
Data: {
  "supabase_id": "318bc744-3892-417d-b003-f0d0f710d00f",
  "original_id": "17696593-d226-419d-85d0-f65b46d4b7aa",
  "role": "customer"
}
[2025-08-27T13:45:18.503Z] [DEBUG] Created auth user: rs@exmp.co
Data: {
  "supabase_id": "d58becad-2dd9-46ac-a30c-731487c65cd3",
  "original_id": "1848dd3d-bf49-4a7a-8b01-1117057eb7c3",
  "role": "customer"
}
[2025-08-27T13:45:18.679Z] [DEBUG] Created auth user: uyfg@example.com
Data: {
  "supabase_id": "08af3625-aa30-474e-afa9-d39fbe096281",
  "original_id": "19e8472d-3698-4fd0-bd8c-08fd2ddf05fd",
  "role": "customer"
}
[2025-08-27T13:45:18.856Z] [DEBUG] Created auth user: test@examc.com
Data: {
  "supabase_id": "72eb1cd5-dfd8-40be-9c32-107ef8cac5fc",
  "original_id": "19fe9aff-73b3-4825-915d-6e0ef4faf083",
  "role": "customer"
}
[2025-08-27T13:45:19.032Z] [DEBUG] Created auth user: pl@example.com
Data: {
  "supabase_id": "a4538a3f-d597-475b-b8a4-78044eb73892",
  "original_id": "1b0447c5-d5ed-4f54-9304-e6a7e9e1aa66",
  "role": "customer"
}
[2025-08-27T13:45:19.207Z] [DEBUG] Created auth user: nkn@GMAIL.COM
Data: {
  "supabase_id": "c403b8dd-22b2-494a-bf22-dc588ce54f01",
  "original_id": "1ce981a0-85d7-49fe-a6ca-b1e1616df798",
  "role": "customer"
}
[2025-08-27T13:45:19.383Z] [DEBUG] Created auth user: ytrf@exam.coo
Data: {
  "supabase_id": "29e8a647-ff40-4572-bf84-82b82bc6a072",
  "original_id": "1d341d6a-c008-43c0-9c4c-aa7c643b84e6",
  "role": "customer"
}
[2025-08-27T13:45:19.554Z] [DEBUG] Created auth user: kilk@example.com
Data: {
  "supabase_id": "00d7ce6b-399b-41e0-a596-b21ca61a9a3c",
  "original_id": "1d4db6ab-6e64-40d9-93f7-643716092357",
  "role": "customer"
}
[2025-08-27T13:45:20.216Z] [DEBUG] Created auth user: pooja@example.comm
Data: {
  "supabase_id": "9d87b0dd-7f74-4350-ad26-f73675467b0f",
  "original_id": "1d973100-45bc-409a-bf30-6b43b0075744",
  "role": "customer"
}
[2025-08-27T13:45:20.391Z] [DEBUG] Created auth user: shruti.a.kudache@gmail.commm
Data: {
  "supabase_id": "df243dc2-1aea-47aa-8923-ff94f87f5a07",
  "original_id": "1dde78e8-73b6-4811-9719-1047ca9c054e",
  "role": "customer"
}
[2025-08-27T13:45:20.565Z] [DEBUG] Created auth user: treww@example.cc
Data: {
  "supabase_id": "3fbf09df-bbce-4f4f-9132-4773861c8751",
  "original_id": "1e356eaa-2b59-44e1-8d6d-c064e36e894d",
  "role": "customer"
}
[2025-08-27T13:45:20.759Z] [DEBUG] Created auth user: jhhgbk@example.com
Data: {
  "supabase_id": "0cad8bef-0638-40e3-95e1-dc9a2a939d30",
  "original_id": "1e82b6e5-1b40-4878-926b-030362d59583",
  "role": "customer"
}
[2025-08-27T13:45:20.933Z] [DEBUG] Created auth user: uy@example.coo
Data: {
  "supabase_id": "098397ff-d25b-4c53-bb51-b22cad670b7a",
  "original_id": "1f5039d8-42d3-47ea-9b1a-dbd774cd9bfc",
  "role": "customer"
}
[2025-08-27T13:45:21.101Z] [DEBUG] Created auth user: asb@gmail.com
Data: {
  "supabase_id": "7b81cb3d-4451-4c6f-bc5e-bd6b7360cf13",
  "original_id": "20187125-4604-4513-af2d-52196514f398",
  "role": "customer"
}
[2025-08-27T13:45:21.273Z] [DEBUG] Created auth user: test99@gmail.com
Data: {
  "supabase_id": "40830db4-9135-4aa4-a2f3-fcc76b66707b",
  "original_id": "20571ee8-b6c9-4ab9-a232-aa2b17c27e26",
  "role": "customer"
}
[2025-08-27T13:45:21.448Z] [DEBUG] Created auth user: njhv@example.com
Data: {
  "supabase_id": "af5ccbc7-28c1-48de-af0b-eec170204fea",
  "original_id": "22df46b9-155b-4b48-bec8-fcab50d60071",
  "role": "customer"
}
[2025-08-27T13:45:21.622Z] [DEBUG] Created auth user: a@mm.com
Data: {
  "supabase_id": "a3c687ac-0dc3-4ba7-b9f9-e972ee1493d4",
  "original_id": "22ff8550-4454-477b-979f-81c21520dafe",
  "role": "customer"
}
[2025-08-27T13:45:21.797Z] [DEBUG] Created auth user: sdf@example.com
Data: {
  "supabase_id": "a6e1ecb4-c9a6-454f-ba30-e27f488c5b3a",
  "original_id": "23b3e99a-a875-4226-949e-f3bdcfb5950e",
  "role": "customer"
}
[2025-08-27T13:45:22.493Z] [DEBUG] Created auth user: sss@ss.ss
Data: {
  "supabase_id": "732269aa-814d-42c8-8f0d-aaae2e2c4ed5",
  "original_id": "2447962b-83cf-4a29-a41a-9189ea671f35",
  "role": "customer"
}
[2025-08-27T13:45:22.658Z] [DEBUG] Created auth user: iuy@example.com
Data: {
  "supabase_id": "b2095841-f135-45d9-a72d-9ebb5f1297a0",
  "original_id": "24539347-b607-48c5-94c2-39410b5e460f",
  "role": "customer"
}
[2025-08-27T13:45:22.832Z] [DEBUG] Created auth user: hbuy@example.com
Data: {
  "supabase_id": "dc1baa8f-dc93-4572-9a48-dabd0f0a4629",
  "original_id": "24730dd8-5e5e-4e79-a944-1d5f554068bc",
  "role": "customer"
}
[2025-08-27T13:45:23.007Z] [DEBUG] Created auth user: jijuhi@example.com
Data: {
  "supabase_id": "c5ee3595-27c6-45a7-a069-e78be6692903",
  "original_id": "247f0ca2-1c61-45c1-8aac-d73fd39b873d",
  "role": "customer"
}
[2025-08-27T13:45:23.182Z] [DEBUG] Created auth user: yt@examplee.co
Data: {
  "supabase_id": "2ba31ebd-a6fd-4c41-b2b2-01fde35cbebd",
  "original_id": "24da8c88-7537-4cd1-902b-02f35bf880e3",
  "role": "customer"
}
[2025-08-27T13:45:23.357Z] [DEBUG] Created auth user: dsa@sd.com
Data: {
  "supabase_id": "4d74240c-9850-4447-a29d-95b52de27ffe",
  "original_id": "26f20b51-e89f-401a-9779-f97072bcb99a",
  "role": "customer"
}
[2025-08-27T13:45:23.534Z] [DEBUG] Created auth user: c@example.com
Data: {
  "supabase_id": "60bb94a5-7e59-4017-9f8d-c556881e0380",
  "original_id": "28fd0216-b9f9-4b0c-be30-91ecd1f0c4fa",
  "role": "customer"
}
[2025-08-27T13:45:23.710Z] [DEBUG] Created auth user: bruh@this4.com
Data: {
  "supabase_id": "8c1aac22-155b-40e4-a14f-cc622ae97615",
  "original_id": "293be80f-67b8-404d-b829-498757ceb422",
  "role": "customer"
}
[2025-08-27T13:45:23.887Z] [DEBUG] Created auth user: shruti@mail.bb
Data: {
  "supabase_id": "290e64e6-7827-4d6c-8448-06a986906de7",
  "original_id": "29a0fdd2-5a17-4c6a-91fa-c8cbe1b65664",
  "role": "customer"
}
[2025-08-27T13:45:24.062Z] [DEBUG] Created auth user: asas@hm.com
Data: {
  "supabase_id": "f2bcdd30-1ef1-4318-a3ad-585c6039228f",
  "original_id": "2bf88c9f-1ded-488a-83e8-8a4dddb8de12",
  "role": "customer"
}
[2025-08-27T13:45:24.731Z] [DEBUG] Created auth user: hgfhb@example.com
Data: {
  "supabase_id": "2b9161fb-2afc-42bf-8702-4e24590430c5",
  "original_id": "2c983dc1-a9ec-41a4-892d-7f22d5297006",
  "role": "customer"
}
[2025-08-27T13:45:24.903Z] [DEBUG] Created auth user: sigurd.skaare@gmail.com
Data: {
  "supabase_id": "47f61065-f5bc-47f9-b1ec-e37138bc8c69",
  "original_id": "2d100121-5e2c-49a8-b99c-b32df5aa5ffa",
  "role": "customer"
}
[2025-08-27T13:45:25.081Z] [DEBUG] Created auth user: tert@exammple.com
Data: {
  "supabase_id": "5f0a98a8-ac93-45e0-ae35-c2b4a45027e7",
  "original_id": "2e574f85-62d6-485b-9365-13d2945e7743",
  "role": "customer"
}
[2025-08-27T13:45:25.256Z] [DEBUG] Created auth user: oknk@example.com
Data: {
  "supabase_id": "25a359ec-87e9-4ef2-acc0-550c8ff5a713",
  "original_id": "2ebdc7a2-2341-4c0a-a5b0-a0d02f5ad9b3",
  "role": "customer"
}
[2025-08-27T13:45:25.434Z] [DEBUG] Created auth user: dd44@dd.dd
Data: {
  "supabase_id": "b9323b86-6f88-4aba-ac22-998392b3f7f7",
  "original_id": "30b040b7-a4c3-4800-bcc7-3b05013d1c45",
  "role": "customer"
}
[2025-08-27T13:45:25.612Z] [DEBUG] Created auth user: aew@example.com
Data: {
  "supabase_id": "c4f584bf-7823-4f61-9d5e-cbee8f866486",
  "original_id": "30b43cee-458f-4bb4-bfe9-0457c4b812ca",
  "role": "customer"
}
[2025-08-27T13:45:25.781Z] [DEBUG] Created auth user: tredd@exmp.coo
Data: {
  "supabase_id": "5f675621-5f89-467a-a089-a9211ff1860f",
  "original_id": "310e24d9-482c-49bf-aed3-fc53059485a1",
  "role": "customer"
}
[2025-08-27T13:45:25.956Z] [DEBUG] Created auth user: tes@exmp.cc
Data: {
  "supabase_id": "e15153f9-7447-40b5-b135-94fae6f5bfa1",
  "original_id": "312d654d-0891-4d07-8047-010033d72b30",
  "role": "customer"
}
[2025-08-27T13:45:26.133Z] [DEBUG] Created auth user: user21@gg.gg
Data: {
  "supabase_id": "f34129eb-ab30-47e1-a8ac-d2b6287b366c",
  "original_id": "3141ed90-9882-4e97-bf78-a9d6e0a43577",
  "role": "customer"
}
[2025-08-27T13:45:26.309Z] [DEBUG] Created auth user: ky4@example.com
Data: {
  "supabase_id": "cbc050c3-150b-47fa-a683-5461d9c81b4a",
  "original_id": "31bccb85-9209-4a08-a7b7-a045950a916c",
  "role": "customer"
}
[2025-08-27T13:45:26.999Z] [DEBUG] Created auth user: jkj@example.com
Data: {
  "supabase_id": "5a2916c8-6e19-4c93-94a8-8907c8783b48",
  "original_id": "31cdb569-7476-457d-8a0f-3fc300d13c1d",
  "role": "customer"
}
[2025-08-27T13:45:27.175Z] [DEBUG] Created auth user: yaart@example.cc
Data: {
  "supabase_id": "4d61cef2-aa5c-4bdc-ba6d-d0145132dfba",
  "original_id": "348c59e5-4da1-4a5f-a6ca-03c1a5997911",
  "role": "customer"
}
[2025-08-27T13:45:27.349Z] [DEBUG] Created auth user: testyu@t.cooo
Data: {
  "supabase_id": "986e891d-9860-48ee-ac4d-a2682a8a3f38",
  "original_id": "34b4baff-074d-40a7-b0ed-f17834beabc2",
  "role": "customer"
}
[2025-08-27T13:45:27.517Z] [DEBUG] Created auth user: hy3@example.com
Data: {
  "supabase_id": "87661956-130d-4fd2-9ac2-56e8a0735eb4",
  "original_id": "36f123e8-81ad-4104-b1b0-224cfbd947eb",
  "role": "customer"
}
[2025-08-27T13:45:27.691Z] [DEBUG] Created auth user: Tyyy@exm.coo
Data: {
  "supabase_id": "2c3c8fd4-04e9-4974-9f58-abe2c01d42cf",
  "original_id": "37ddc199-5c88-42be-bbea-a2eb09947116",
  "role": "customer"
}
[2025-08-27T13:45:27.868Z] [DEBUG] Created auth user: yt@example.co
Data: {
  "supabase_id": "9dc00113-1f18-4ef6-b41a-1dc6ece44b8c",
  "original_id": "39473522-4482-42d8-85a6-312be3861248",
  "role": "customer"
}
[2025-08-27T13:45:28.042Z] [DEBUG] Created auth user: hy12@example.com
Data: {
  "supabase_id": "545101c2-88fd-4776-afe3-b2dd98b9131d",
  "original_id": "3b1a2659-5f3e-415c-ac1a-25c4341426c5",
  "role": "customer"
}
[2025-08-27T13:45:28.219Z] [DEBUG] Created auth user: tf@rf.com
Data: {
  "supabase_id": "008617ef-f032-4c30-bfbe-f3f4bd319c27",
  "original_id": "3b32d844-63d7-4989-99a0-8edefa9b63f9",
  "role": "customer"
}
[2025-08-27T13:45:28.393Z] [DEBUG] Created auth user: testing4@abc.uj
Data: {
  "supabase_id": "e03e905f-9b81-4c2e-8056-e174e10fe27f",
  "original_id": "3bd95d72-56af-40a5-8bc6-30a10baf920b",
  "role": "customer"
}
[2025-08-27T13:45:28.567Z] [DEBUG] Created auth user: amduskole@gmail.com
Data: {
  "supabase_id": "0a62740f-f1c5-4670-a23b-c9dc1570464c",
  "original_id": "3de42e35-2695-4c64-b083-51b0a1bb6c1e",
  "role": "customer"
}
[2025-08-27T13:45:29.261Z] [DEBUG] Created auth user: test@gm.coo
Data: {
  "supabase_id": "ad408971-eff1-4f9e-bc6b-ff9df2fdaed9",
  "original_id": "3e0e4889-a3c3-40fd-b591-ef24246f57b7",
  "role": "customer"
}
[2025-08-27T13:45:29.438Z] [DEBUG] Created auth user: mkjgh@example.com
Data: {
  "supabase_id": "77c30930-ca00-4c2a-ae42-0ac2334fe541",
  "original_id": "3e1ebbf4-f273-4036-b726-7eaee5ba2acc",
  "role": "customer"
}
[2025-08-27T13:45:29.612Z] [DEBUG] Created auth user: jhbu@example.com
Data: {
  "supabase_id": "f92fdf55-2c6a-4282-99fc-d41b583e5230",
  "original_id": "3e7cd174-e779-4cc1-861c-294510a34e22",
  "role": "customer"
}
[2025-08-27T13:45:29.783Z] [DEBUG] Created auth user: 0@example.com
Data: {
  "supabase_id": "46bd5ef0-55c9-4085-adf4-cdffdd65a8e1",
  "original_id": "3ee119d5-af0d-4535-831c-2df1e442f544",
  "role": "customer"
}
[2025-08-27T13:45:29.959Z] [DEBUG] Created auth user: api@example.comm
Data: {
  "supabase_id": "62673c0c-c2a6-437a-b8d6-7886cb80bf89",
  "original_id": "4040dac9-66c1-466c-8b60-7ddc5629708e",
  "role": "customer"
}
[2025-08-27T13:45:30.132Z] [DEBUG] Created auth user: y@example.coo
Data: {
  "supabase_id": "ea25bf18-3a7e-4765-aa0e-90aaf1e1f7cc",
  "original_id": "4110f992-18b3-4902-a551-633de51806ea",
  "role": "customer"
}
[2025-08-27T13:45:30.306Z] [DEBUG] Created auth user: aa12@aa.aa
Data: {
  "supabase_id": "257d820f-6f84-4e57-84a3-e61b1c5f740f",
  "original_id": "429d4ca6-31f5-4260-a418-d4c1b386da71",
  "role": "customer"
}
[2025-08-27T13:45:30.479Z] [DEBUG] Created auth user: test24@gmail.com
Data: {
  "supabase_id": "9441443f-296b-47d0-b419-fbd609158f95",
  "original_id": "43401c1c-50ca-4ec1-8b13-6b0d9d3869be",
  "role": "customer"
}
[2025-08-27T13:45:30.655Z] [DEBUG] Created auth user: test97@gmail.com
Data: {
  "supabase_id": "1bf0db23-efec-44b8-bb21-de76f52262e1",
  "original_id": "47b25794-917a-4e92-a02c-bf9665215442",
  "role": "customer"
}
[2025-08-27T13:45:30.833Z] [DEBUG] Created auth user: jnuhuh@example.com
Data: {
  "supabase_id": "2b375156-8c93-451c-b855-d6b43abe2e04",
  "original_id": "47d27af3-b172-4323-be21-7d5f42df9116",
  "role": "customer"
}
[2025-08-27T13:45:31.529Z] [DEBUG] Created auth user: uri@example.comm
Data: {
  "supabase_id": "1fe13a35-5903-460c-a9d9-622c1959b18d",
  "original_id": "487807a9-e0af-482b-b360-f3992dfae1e6",
  "role": "customer"
}
[2025-08-27T13:45:31.709Z] [DEBUG] Created auth user: nb@nb.mn
Data: {
  "supabase_id": "ca03c414-bb0f-498b-bc0a-d375a9b5f544",
  "original_id": "492996a6-2323-418c-b213-14a2a566a8a3",
  "role": "customer"
}
[2025-08-27T13:45:31.885Z] [DEBUG] Created auth user: test@exampll.cco
Data: {
  "supabase_id": "a9627047-db2b-468c-9212-35445ceea027",
  "original_id": "49406265-d7de-4494-bf82-583881881007",
  "role": "customer"
}
[2025-08-27T13:45:32.061Z] [DEBUG] Created auth user: bgvhg@example.com
Data: {
  "supabase_id": "e09bfedc-4687-4348-b7b4-4bc15b6d75b9",
  "original_id": "49c336e5-a730-4c60-b45c-e2fc7dffe707",
  "role": "customer"
}
[2025-08-27T13:45:32.240Z] [DEBUG] Created auth user: yt@example.coo
Data: {
  "supabase_id": "8fe70a1f-ee44-4e68-91f8-61541a64a25e",
  "original_id": "4ef0974c-2ffb-4ddc-b127-7c2dd4152c03",
  "role": "customer"
}
[2025-08-27T13:45:32.415Z] [DEBUG] Created auth user: test@tg.nh
Data: {
  "supabase_id": "276db1bd-011f-45ad-914e-d48670256db5",
  "original_id": "4f1e81a0-2d05-401c-b77c-b4afd6c0043c",
  "role": "customer"
}
[2025-08-27T13:45:32.590Z] [DEBUG] Created auth user: trt@gh.hm
Data: {
  "supabase_id": "5455e4e7-7450-45cd-bf31-58c962f796cf",
  "original_id": "4f224eb2-1752-4b1a-9a8d-c58fd91aed9a",
  "role": "customer"
}
[2025-08-27T13:45:32.761Z] [DEBUG] Created auth user: testexample@mailinator.com
Data: {
  "supabase_id": "4bb4ac2c-ecac-4c9c-9875-7fe0979ab1ae",
  "original_id": "4f51ab44-9284-4ddf-a09c-68d3a70a0d66",
  "role": "customer"
}
[2025-08-27T13:45:32.939Z] [DEBUG] Created auth user: east@examle.com
Data: {
  "supabase_id": "837486ab-15fa-4f00-bab5-6fd6734749de",
  "original_id": "50a1ef8c-ec68-4d3d-ad42-94e952ad466b",
  "role": "customer"
}
[2025-08-27T13:45:33.117Z] [DEBUG] Created auth user: Ytcg@examplee.comm
Data: {
  "supabase_id": "480c45e0-4946-4649-af23-c92e58b53762",
  "original_id": "555e9b02-f375-46c9-bb64-c950862e44f0",
  "role": "customer"
}
[2025-08-27T13:45:33.811Z] [DEBUG] Created auth user: yt@gmai.cm
Data: {
  "supabase_id": "d302f38b-1dcb-4497-aa3c-c6402ddcd27e",
  "original_id": "5606a143-c468-4058-b7d8-835c3c647ff9",
  "role": "customer"
}
[2025-08-27T13:45:33.988Z] [DEBUG] Created auth user: sdd@example.com
Data: {
  "supabase_id": "eaa27507-8a29-42e8-8101-1ce14d542ddd",
  "original_id": "56164e8c-304e-4713-8717-2215e644c2aa",
  "role": "customer"
}
[2025-08-27T13:45:34.163Z] [DEBUG] Created auth user: try@exampl.comm
Data: {
  "supabase_id": "b4597e18-fc75-4dbb-8e6d-3aa74bd92ced",
  "original_id": "5657b1c8-cc75-4c9f-a762-da178dbfa365",
  "role": "customer"
}
[2025-08-27T13:45:34.337Z] [DEBUG] Created auth user: ky5@example.com
Data: {
  "supabase_id": "1b057367-cb09-4ac6-b4db-cbea5c4aec99",
  "original_id": "5708844c-aa11-473f-9e4e-b74e87a4b10a",
  "role": "customer"
}
[2025-08-27T13:45:34.506Z] [DEBUG] Created auth user: testemail@example.comm
Data: {
  "supabase_id": "6a742800-33d3-4db1-9803-735f7d2a1db6",
  "original_id": "58ece414-1d66-4d37-bf50-aa81783b7afd",
  "role": "customer"
}
[2025-08-27T13:45:34.680Z] [DEBUG] Created auth user: ter@example.cc
Data: {
  "supabase_id": "3225d310-c5dd-49d4-864c-227e05107535",
  "original_id": "5aedabff-3fc4-4cb2-b134-671eeda2614b",
  "role": "customer"
}
[2025-08-27T13:45:34.844Z] [DEBUG] Created auth user: y@t.co
Data: {
  "supabase_id": "c9a2ad65-3047-4a99-a461-a78518b39db6",
  "original_id": "5bf65000-5d1a-4f70-98ed-766ddb329e0e",
  "role": "customer"
}
[2025-08-27T13:45:35.017Z] [DEBUG] Created auth user: ky1@example.com
Data: {
  "supabase_id": "24415bac-5abc-44f9-bfde-9367c738523c",
  "original_id": "5e1d0103-2c3c-4170-8dc3-8d4dc01e9c2d",
  "role": "customer"
}
[2025-08-27T13:45:35.185Z] [DEBUG] Created auth user: bruh@thisi2.com
Data: {
  "supabase_id": "8a452b55-5726-46a2-bc60-ba7260bd4865",
  "original_id": "5e4510ac-f38c-49ed-8842-0a41bf756baf",
  "role": "customer"
}
[2025-08-27T13:45:35.359Z] [DEBUG] Created auth user: sv@s.com
Data: {
  "supabase_id": "4dbf3259-9be9-4e53-af24-9e10e43ce139",
  "original_id": "6144de1e-6e27-4186-ac34-e746ef40932b",
  "role": "customer"
}
[2025-08-27T13:45:36.056Z] [DEBUG] Created auth user: gvfffv@example.com
Data: {
  "supabase_id": "7ca628cb-3500-47c9-b169-d750e606eb5c",
  "original_id": "62801dfe-cc64-46c6-8359-591cd0e0e514",
  "role": "customer"
}
[2025-08-27T13:45:36.234Z] [DEBUG] Created auth user: te@example.com
Data: {
  "supabase_id": "bc25cc89-801a-4f35-bf7e-ed1b5fb5a171",
  "original_id": "62deb397-39a8-4aef-a5af-d5ff12834e61",
  "role": "customer"
}
[2025-08-27T13:45:36.410Z] [DEBUG] Created auth user: test88@gmail.com
Data: {
  "supabase_id": "98098b0e-3f33-4011-ae40-b4acc92b6e9a",
  "original_id": "63cc6e90-0edc-4cb2-b6dd-44beee183181",
  "role": "customer"
}
[2025-08-27T13:45:36.584Z] [DEBUG] Created auth user: kjmk@example.com
Data: {
  "supabase_id": "f29e3e65-3a24-45c5-865c-0a1f78b490c6",
  "original_id": "641dd2e8-3255-4aa8-89ad-1c7dbd4bdea9",
  "role": "customer"
}
[2025-08-27T13:45:36.759Z] [DEBUG] Created auth user: yt@expcc.cc
Data: {
  "supabase_id": "bf7d5241-b6bd-445d-aea8-50ff877969fc",
  "original_id": "65a56fb1-bb2e-4c6c-93fc-29a1d1b3edf1",
  "role": "customer"
}
[2025-08-27T13:45:36.929Z] [DEBUG] Created auth user: ytw@e.coo
Data: {
  "supabase_id": "29288110-c979-4c02-8774-49fcf7c84f37",
  "original_id": "65e20be8-139e-4b36-be51-800fbcec060a",
  "role": "customer"
}
[2025-08-27T13:45:37.105Z] [DEBUG] Created auth user: tara@example.com
Data: {
  "supabase_id": "ba2573fc-42b1-4b18-abc5-7a82f608c250",
  "original_id": "66b87f55-2fd7-4a90-aa37-69e6f1d368cd",
  "role": "customer"
}
[2025-08-27T13:45:37.277Z] [DEBUG] Created auth user: chaudharyamit61900@gmail.com
Data: {
  "supabase_id": "d8cf1124-6162-41aa-8e6f-9497b8bcb71a",
  "original_id": "6719fa68-8932-4792-9626-d60e5bf3f01e",
  "role": "customer"
}
[2025-08-27T13:45:37.454Z] [DEBUG] Created auth user: hgfb@example.com
Data: {
  "supabase_id": "6934c2bd-1ae6-4b0e-a140-cdbc94acb1ba",
  "original_id": "6743bbcd-c3ac-43a8-8849-41e0bd3ae9bf",
  "role": "customer"
}
[2025-08-27T13:45:37.628Z] [DEBUG] Created auth user: ty1@example.com
Data: {
  "supabase_id": "38bbd768-68ba-4a52-902c-a684217f3f48",
  "original_id": "67468393-89da-4ed2-962e-0cbccd214ea2",
  "role": "customer"
}
[2025-08-27T13:45:38.320Z] [DEBUG] Created auth user: tr@hgg.com
Data: {
  "supabase_id": "036081bd-7623-49ba-abcd-871d1d01f4b1",
  "original_id": "67949867-42c9-4794-8dcf-4d4300681f0d",
  "role": "customer"
}
[2025-08-27T13:45:38.497Z] [DEBUG] Created auth user: jhin@example.com
Data: {
  "supabase_id": "c1640865-6343-49dc-9322-0c5a1358bb72",
  "original_id": "67d5d7e0-d723-4561-8ca0-dead68fc6d1b",
  "role": "customer"
}
[2025-08-27T13:45:38.673Z] [DEBUG] Created auth user: test123@example.com
Data: {
  "supabase_id": "afebc34c-637a-4d6f-8324-6d8bf2c71ac8",
  "original_id": "686b5442-ce06-4f9c-9025-439e564301f7",
  "role": "customer"
}
[2025-08-27T13:45:38.848Z] [DEBUG] Created auth user: test89@gmail.com
Data: {
  "supabase_id": "2de67a9c-49f5-48a3-bfda-c6376aa278a3",
  "original_id": "6a55d379-739d-40a2-bf45-e1a47ed1d52d",
  "role": "customer"
}
[2025-08-27T13:45:39.023Z] [DEBUG] Created auth user: tc@tv.bh
Data: {
  "supabase_id": "8542e80e-99b0-4e4d-b94a-898e17226e79",
  "original_id": "6b34d728-c667-44ce-85e4-7569b9cfe633",
  "role": "customer"
}
[2025-08-27T13:45:39.201Z] [DEBUG] Created auth user: jhgb@example.com
Data: {
  "supabase_id": "740fdd23-3c6b-4f30-8d89-c6420d2d3c4b",
  "original_id": "6b3b453b-fe93-4109-a556-080ac2c477d4",
  "role": "customer"
}
[2025-08-27T13:45:39.374Z] [DEBUG] Created auth user: aa66@aa.aa
Data: {
  "supabase_id": "1dcfd984-bbbd-4b72-ab1b-d8cfcede4b8f",
  "original_id": "6ccbe8e1-0ae0-4fa0-9cad-2959176a44f1",
  "role": "customer"
}
[2025-08-27T13:45:39.542Z] [DEBUG] Created auth user: res@EXAMPLE.COM
Data: {
  "supabase_id": "3f107f64-2e3d-4137-9740-a62f0d69a753",
  "original_id": "708c33af-5379-4704-be91-f82c4dcf3c11",
  "role": "customer"
}
[2025-08-27T13:45:39.716Z] [DEBUG] Created auth user: oijn@example.com
Data: {
  "supabase_id": "84af73cc-b222-4c8a-8d31-cc3243365bde",
  "original_id": "724bb6df-9f4d-48e9-910f-e85a77ec8e87",
  "role": "customer"
}
[2025-08-27T13:45:39.892Z] [DEBUG] Created auth user: ters@example.com
Data: {
  "supabase_id": "2a3c7c9b-2a36-4854-9182-c8167960ef0a",
  "original_id": "725f3cc3-30e3-4c33-9846-85fda29ad4ed",
  "role": "customer"
}
[2025-08-27T13:45:40.585Z] [DEBUG] Created auth user: rahul.f444@gmail.com
Data: {
  "supabase_id": "6fc19564-51d3-4623-8597-401313e8ec83",
  "original_id": "74eccacb-0366-48f1-b5a0-0de52865e08a",
  "role": "customer"
}
[2025-08-27T13:45:40.762Z] [DEBUG] Created auth user: tesr@example.voo
Data: {
  "supabase_id": "c5fb9016-12ae-4c56-829b-d4f859f38088",
  "original_id": "74fe958c-9d85-4202-873c-5f41f10f555d",
  "role": "customer"
}
[2025-08-27T13:45:40.938Z] [DEBUG] Created auth user: tara@examplee.coo
Data: {
  "supabase_id": "31fd0cbb-1b37-4689-966b-313f196a74bf",
  "original_id": "7506e0b8-12d2-489d-a6a3-61db7178d870",
  "role": "customer"
}
[2025-08-27T13:45:41.107Z] [DEBUG] Created auth user: asef@example.com
Data: {
  "supabase_id": "2f8881f8-18bb-4082-9571-29cdf7281b6a",
  "original_id": "7594226c-99c9-4487-ad76-adc4dfc03efa",
  "role": "customer"
}
[2025-08-27T13:45:41.281Z] [DEBUG] Created auth user: yyy@examle.bo
Data: {
  "supabase_id": "fe63171d-aea7-4261-9cc3-9fe83cb492f7",
  "original_id": "7637b101-8a8d-4f9b-b234-9eee2f2c0647",
  "role": "customer"
}
[2025-08-27T13:45:41.455Z] [DEBUG] Created auth user: rest@example.com
Data: {
  "supabase_id": "0ec5ee2b-cd6c-4016-9c91-7682eecaa322",
  "original_id": "76c85f45-6f1d-4f72-b1c6-27df7f9d2568",
  "role": "customer"
}
[2025-08-27T13:45:41.627Z] [DEBUG] Created auth user: jaco@example.cco
Data: {
  "supabase_id": "a3fd96ef-9f27-4a87-87de-3964e5fcd133",
  "original_id": "76e1e63d-b53c-4c11-afc7-8463fbacd0ad",
  "role": "customer"
}
[2025-08-27T13:45:41.803Z] [DEBUG] Created auth user: oiujbn@example.com
Data: {
  "supabase_id": "f5d4ea88-9a9d-4c89-b34e-7b6fa57b22b8",
  "original_id": "77b569df-24cf-410f-9b78-163a6cdb9d36",
  "role": "customer"
}
[2025-08-27T13:45:41.980Z] [DEBUG] Created auth user: side@example.com
Data: {
  "supabase_id": "67d87bb5-9139-40fd-ba56-8a42fc0c4f26",
  "original_id": "7803ed49-8e84-4eed-8b95-c1094572dcf1",
  "role": "customer"
}
[2025-08-27T13:45:42.154Z] [DEBUG] Created auth user: sk4@gh.im
Data: {
  "supabase_id": "d4aa0d78-b03d-4ca8-9941-f1e5ee83c4e8",
  "original_id": "784a4759-6f5d-4639-9ca3-91a9f7896fd5",
  "role": "customer"
}
[2025-08-27T13:45:42.828Z] [DEBUG] Created auth user: ryt@exapl.com
Data: {
  "supabase_id": "ca1ee0c0-1743-4d69-a6ac-67a1c9247d73",
  "original_id": "788e795d-f5c8-401c-9562-2e8affcd5797",
  "role": "customer"
}
[2025-08-27T13:45:43.004Z] [DEBUG] Created auth user: tr@exam.com
Data: {
  "supabase_id": "8f169384-2c20-45e0-bb73-f513aa51138b",
  "original_id": "78e254db-bc5d-4ca3-9479-627af38760c9",
  "role": "customer"
}
[2025-08-27T13:45:43.176Z] [DEBUG] Created auth user: ytr@example.comm
Data: {
  "supabase_id": "bd4f223a-34e8-4954-9957-e3d3842f178c",
  "original_id": "7946245a-48d7-4110-a2e1-9d3b473690c0",
  "role": "customer"
}
[2025-08-27T13:45:43.349Z] [DEBUG] Created auth user: uyt@example.cooo
Data: {
  "supabase_id": "f73dba57-b08c-4c06-823a-2a6254c94f0c",
  "original_id": "79f9977e-5f57-44ed-af7f-f4f7cb86b942",
  "role": "customer"
}
[2025-08-27T13:45:43.525Z] [DEBUG] Created auth user: tesrtt@example.conn
Data: {
  "supabase_id": "53011df9-11ef-42ac-8c7a-672d45fd51c4",
  "original_id": "7aad65d6-36c8-4eb7-b965-bc658266ba7f",
  "role": "customer"
}
[2025-08-27T13:45:43.702Z] [DEBUG] Created auth user: lkjmi@example.com
Data: {
  "supabase_id": "cb665130-dd58-4d6d-a861-ab7c6cec769a",
  "original_id": "7add18e4-b166-4be5-8518-560302afc84d",
  "role": "customer"
}
[2025-08-27T13:45:43.877Z] [DEBUG] Created auth user: test@exapmplee.com
Data: {
  "supabase_id": "94fd5b6b-84bc-450d-9cee-fabdfcc94890",
  "original_id": "7b3655bf-382e-4422-bdbe-231062f25e3f",
  "role": "customer"
}
[2025-08-27T13:45:44.045Z] [DEBUG] Created auth user: khunl@example.com
Data: {
  "supabase_id": "bf09c183-e04d-4913-a5a4-1ae271db7fd9",
  "original_id": "7dab44c4-6307-46c7-abf0-c49ef6be90d4",
  "role": "customer"
}
[2025-08-27T13:45:44.222Z] [DEBUG] Created auth user: unow@example.com
Data: {
  "supabase_id": "221555be-7fd5-4ca3-bed3-ff117f50df88",
  "original_id": "7f4bcfe1-1f97-4dc0-b42d-479f53ef916a",
  "role": "customer"
}
[2025-08-27T13:45:44.398Z] [DEBUG] Created auth user: yt@example.com
Data: {
  "supabase_id": "674a7c26-874d-47a6-b5f7-64ff2516812d",
  "original_id": "7f79a659-ee55-4d07-bd4c-8ef61d5674ba",
  "role": "customer"
}
[2025-08-27T13:45:45.064Z] [DEBUG] Created auth user: purplearjun@gmail.com
Data: {
  "supabase_id": "225405b4-aa92-469e-8f3c-f9b3efffd36b",
  "original_id": "802cbc35-ea8a-4100-a5a5-ce49cd7b734b",
  "role": "customer"
}
[2025-08-27T13:45:45.235Z] [DEBUG] Created auth user: yuop@example.com
Data: {
  "supabase_id": "5384023e-7054-4b5a-93e9-2ddbba59236a",
  "original_id": "803592b5-3a08-42c0-95da-1e7f86c286b0",
  "role": "customer"
}
[2025-08-27T13:45:45.411Z] [DEBUG] Created auth user: Example@example.comm
Data: {
  "supabase_id": "fc992fec-3582-4ba1-851e-9942b9e4fb8a",
  "original_id": "816534ca-8f41-41e1-be0c-0d330bbf75f4",
  "role": "customer"
}
[2025-08-27T13:45:45.586Z] [DEBUG] Created auth user: testing4@gmail.com
Data: {
  "supabase_id": "8aa7c0fb-30e3-49f7-a277-399a09bf7ddd",
  "original_id": "827dc4f1-9eb9-4e77-9cf6-97fcf0f3861f",
  "role": "customer"
}
[2025-08-27T13:45:45.763Z] [DEBUG] Created auth user: wer@example.com
Data: {
  "supabase_id": "e91edaeb-d63f-4ce4-a0ea-ad2827807c62",
  "original_id": "82f03746-138d-4687-bef6-99a4358b207a",
  "role": "customer"
}
[2025-08-27T13:45:45.934Z] [DEBUG] Created auth user: hy4@example.com
Data: {
  "supabase_id": "7191dc63-e5e3-4733-bc54-21b0381b70f2",
  "original_id": "838776a5-b46d-487d-a395-a260b13ff0e8",
  "role": "customer"
}
[2025-08-27T13:45:46.107Z] [DEBUG] Created auth user: jkhnj@example.com
Data: {
  "supabase_id": "31494fa6-b12c-42e3-82ff-5b4e6d1fa870",
  "original_id": "869b7ec4-e517-436a-a04f-c4a9e31349a5",
  "role": "customer"
}
[2025-08-27T13:45:46.281Z] [DEBUG] Created auth user: ss@ss.com
Data: {
  "supabase_id": "3e0c3eee-5d90-42c7-a480-7368f3e7f6f3",
  "original_id": "86f0522e-6685-4c44-abf6-fd10eb7e54b1",
  "role": "customer"
}
[2025-08-27T13:45:46.457Z] [DEBUG] Created auth user: testinguser5@gh.com
Data: {
  "supabase_id": "4142e816-8d56-444c-84a8-81042c2c60fa",
  "original_id": "8923582b-0ad1-412c-9c4e-d189fddbc300",
  "role": "customer"
}
[2025-08-27T13:45:46.630Z] [DEBUG] Created auth user: apir@example.comm
Data: {
  "supabase_id": "29ae1ad7-3c8c-4974-b737-73834efa9c74",
  "original_id": "893658e1-0d91-4ee1-a5e3-a1cee27034cd",
  "role": "customer"
}
[2025-08-27T13:45:47.324Z] [DEBUG] Created auth user: mko@example.com
Data: {
  "supabase_id": "3224ec9b-d9c7-4c38-90bb-e67a0cc0ae0f",
  "original_id": "89aabeda-2180-4ac2-acbe-09253bdc05a0",
  "role": "customer"
}
[2025-08-27T13:45:47.498Z] [DEBUG] Created auth user: yr@example.com
Data: {
  "supabase_id": "4b1b7d5d-dd1d-4286-9072-b3ac31cfa370",
  "original_id": "89b038a4-cb98-4887-b1d5-be4ee1c651e1",
  "role": "customer"
}
[2025-08-27T13:45:47.673Z] [DEBUG] Created auth user: fsdfaasdf@awdfdsafds.sda
Data: {
  "supabase_id": "4c5ecf47-a1d4-457f-a4f4-33bf64b53277",
  "original_id": "8a8d7e96-25cf-4141-ab99-daac3481fbe2",
  "role": "customer"
}
[2025-08-27T13:45:47.847Z] [DEBUG] Created auth user: tara@exxample.com
Data: {
  "supabase_id": "dedd63d9-f8bf-44ba-8f4c-51b3f1b7d8c1",
  "original_id": "8cc0a1d4-a3c4-453d-acbf-6f79d086c01a",
  "role": "customer"
}
[2025-08-27T13:45:48.024Z] [DEBUG] Created auth user: Test@exakpl.vom
Data: {
  "supabase_id": "84792d5c-f81a-4e71-b409-61a60b571539",
  "original_id": "8f3680f1-6eaa-4d0a-adf9-84cfc4beb569",
  "role": "customer"
}
[2025-08-27T13:45:48.199Z] [DEBUG] Created auth user: testing5@gh.co
Data: {
  "supabase_id": "2aa3f595-c269-4ed7-a98d-b832c9262f1f",
  "original_id": "906257c0-2b68-4ab6-991a-bbbbd8b02b67",
  "role": "customer"
}
[2025-08-27T13:45:48.372Z] [DEBUG] Created auth user: s@gg.com
Data: {
  "supabase_id": "913b5255-73f9-4e00-a2a7-1374ed585d21",
  "original_id": "91ae633d-601f-47a2-8fa6-ac5847c0781b",
  "role": "customer"
}
[2025-08-27T13:45:48.545Z] [DEBUG] Created auth user: limii@example.com
Data: {
  "supabase_id": "6897be54-c163-4b97-bede-6d3ebdc00cd7",
  "original_id": "91e2e62f-3ed2-4d83-bfcc-a36ea2dbad5a",
  "role": "customer"
}
[2025-08-27T13:45:48.720Z] [DEBUG] Created auth user: tata@examplee.coo
Data: {
  "supabase_id": "b398a1c1-b197-4d27-aeb7-716ccced698d",
  "original_id": "9225c80f-9f7e-42a2-b7bf-899ad8f692fc",
  "role": "customer"
}
[2025-08-27T13:45:48.895Z] [DEBUG] Created auth user: rest@examplee.coo
Data: {
  "supabase_id": "1d52c7ce-b320-4cb3-a77b-bc88fd03b056",
  "original_id": "92807d35-ed9a-4d74-9556-13ffb035ca16",
  "role": "customer"
}
[2025-08-27T13:45:49.566Z] [DEBUG] Created auth user: jhbj@example.com
Data: {
  "supabase_id": "202c1b13-0c77-404a-980c-2b17c9d46970",
  "original_id": "946e29bb-a0d8-4c2d-a7fa-dcf11bb49abb",
  "role": "customer"
}
[2025-08-27T13:45:49.742Z] [DEBUG] Created auth user: testshrutiqa@gmail.com
Data: {
  "supabase_id": "7c39640d-a4f1-47a7-9117-4d3504bf2a68",
  "original_id": "95d98ca8-93c5-4c93-9077-f49f2e34b7db",
  "role": "customer"
}
[2025-08-27T13:45:49.919Z] [DEBUG] Created auth user: qwew@example.com
Data: {
  "supabase_id": "d587c8fc-130f-48fe-95fe-bf51a2f288fc",
  "original_id": "9779138e-f75b-4f65-9996-243aff9e8dc7",
  "role": "customer"
}
[2025-08-27T13:45:50.094Z] [DEBUG] Created auth user: jjj@g.com
Data: {
  "supabase_id": "5e7cd466-9e2c-494a-b2af-b2a87a0edb92",
  "original_id": "97fa0930-8727-4996-a1db-fff43cac5004",
  "role": "customer"
}
[2025-08-27T13:45:50.262Z] [DEBUG] Created auth user: tr@example.coo
Data: {
  "supabase_id": "63140df5-d768-4c6f-afb4-bf5da6ba1d36",
  "original_id": "98d1cace-280f-4260-84c0-5f8871fbe298",
  "role": "customer"
}
[2025-08-27T13:45:50.438Z] [DEBUG] Created auth user: chef@ama.com
Data: {
  "supabase_id": "f5788327-93d5-409d-a1a9-653140ec7e61",
  "original_id": "9917ddd5-afd9-4d23-9c98-2f3fb11cd1af",
  "role": "customer"
}
[2025-08-27T13:45:50.612Z] [DEBUG] Created auth user: task@example.com
Data: {
  "supabase_id": "9b8b5bfd-43c2-4282-976c-df8eee324e48",
  "original_id": "99e012b9-7409-4874-a9d6-e9c3a461f0e8",
  "role": "customer"
}
[2025-08-27T13:45:50.787Z] [DEBUG] Created auth user: tre@r.so
Data: {
  "supabase_id": "2dfe4003-729a-4803-9835-f711c344cc32",
  "original_id": "9a8e86d5-d3e9-4e45-aee4-1c610b802a56",
  "role": "customer"
}
[2025-08-27T13:45:50.964Z] [DEBUG] Created auth user: ty@gm.coo
Data: {
  "supabase_id": "b332af97-e621-4793-8f17-2bcc59bd5686",
  "original_id": "9ab80944-8b7e-4c38-8251-ae4d7db6e2db",
  "role": "customer"
}
[2025-08-27T13:45:51.137Z] [DEBUG] Created auth user: mn@example.com
Data: {
  "supabase_id": "8a0b78d6-9344-4e0f-a356-0790b6982100",
  "original_id": "9ef75cae-3a09-4ab4-9199-33c06bd55252",
  "role": "customer"
}
[2025-08-27T13:45:51.833Z] [DEBUG] Created auth user: jh@example.comm
Data: {
  "supabase_id": "8461d559-71c4-4ffe-9782-0ee4f613367b",
  "original_id": "a07ff56d-a6f8-4907-adca-062bc9e89623",
  "role": "customer"
}
[2025-08-27T13:45:52.008Z] [DEBUG] Created auth user: qwer@example.cco
Data: {
  "supabase_id": "6af0ac2b-ee65-45f8-b021-dc17ead7c036",
  "original_id": "a106ff21-6f2c-431c-bf97-f8c4dbdace3b",
  "role": "customer"
}
[2025-08-27T13:45:52.184Z] [DEBUG] Created auth user: kmui@example.com
Data: {
  "supabase_id": "6bc606da-0e17-4861-8646-2338fde8fe4f",
  "original_id": "a16b70ec-04f0-4d19-a28b-2e2730dde0a5",
  "role": "customer"
}
[2025-08-27T13:45:52.357Z] [DEBUG] Created auth user: Gh@h.com
Data: {
  "supabase_id": "85abd427-bb42-451e-bf59-162f061f600c",
  "original_id": "a1bde974-178e-49b3-89b5-d2a85857643c",
  "role": "customer"
}
[2025-08-27T13:45:52.533Z] [DEBUG] Created auth user: thh@g.com
Data: {
  "supabase_id": "ef15ca97-cf69-4953-be0f-92134c5a93ec",
  "original_id": "a266dc73-b1ca-4529-9dcc-e7dc21a01d93",
  "role": "customer"
}
[2025-08-27T13:45:52.708Z] [DEBUG] Created auth user: iuyn@example.com
Data: {
  "supabase_id": "7fd43741-0c89-44c4-b6b0-13afcb73aa34",
  "original_id": "a33b6020-8073-4480-b77f-364f3576658a",
  "role": "customer"
}
[2025-08-27T13:45:52.873Z] [DEBUG] Created auth user: test@nbv.mn
Data: {
  "supabase_id": "81ed79be-0844-4b8b-b07d-6e5cdcaf75e4",
  "original_id": "a3c9cf59-ed86-4122-8dad-db3732c5cb18",
  "role": "customer"
}
[2025-08-27T13:45:53.046Z] [DEBUG] Created auth user: iuh@exampe.com
Data: {
  "supabase_id": "a2c398f0-7866-4625-9967-d6f2f295b869",
  "original_id": "a45c0059-20c5-4135-899b-50a6be1bbfa6",
  "role": "customer"
}
[2025-08-27T13:45:53.220Z] [DEBUG] Created auth user: aa77@aa.aa
Data: {
  "supabase_id": "ea9f6622-5afb-4d45-85c7-586dc9261f50",
  "original_id": "a58296d3-dfa1-481a-ab55-cd83f6500288",
  "role": "customer"
}
[2025-08-27T13:45:53.395Z] [DEBUG] Created auth user: aa33@aa.aa
Data: {
  "supabase_id": "4b20d9fb-3f80-425b-933d-e24258f269f6",
  "original_id": "a6b46345-df50-4227-95da-decbb4cbacfb",
  "role": "customer"
}
[2025-08-27T13:45:54.090Z] [DEBUG] Created auth user: dd55@dd.dd
Data: {
  "supabase_id": "d39feb1f-e799-4e90-bb48-a2e574c3bee2",
  "original_id": "a6ceff19-db8e-4433-b888-a8389ea39ae3",
  "role": "customer"
}
[2025-08-27T13:45:54.261Z] [DEBUG] Created auth user: testff@example.coom
Data: {
  "supabase_id": "f4606618-72e7-4349-a146-951a1be14c9e",
  "original_id": "a73f52b8-fe68-4260-b665-a710d817f997",
  "role": "customer"
}
[2025-08-27T13:45:54.432Z] [DEBUG] Created auth user: testing2@gmail.com
Data: {
  "supabase_id": "be3b2c61-f32a-4170-87de-1d5b958b2e08",
  "original_id": "a754fbdc-666f-4355-a2fa-3c0ef9de2c50",
  "role": "customer"
}
[2025-08-27T13:45:54.606Z] [DEBUG] Created auth user: nhio@example.com
Data: {
  "supabase_id": "a005b86b-b261-4cee-a6ec-623fdf0423f7",
  "original_id": "a7848725-d2d3-4bd6-a9c9-fb9a67c28c8e",
  "role": "customer"
}
[2025-08-27T13:45:54.778Z] [DEBUG] Created auth user: hy11@example.com
Data: {
  "supabase_id": "daf10974-67d7-4419-b0c5-f50c0af1cde7",
  "original_id": "a7b612fe-28b9-4cdf-b627-cc7fc5c4f936",
  "role": "customer"
}
[2025-08-27T13:45:54.954Z] [DEBUG] Created auth user: kimjuh@example.com
Data: {
  "supabase_id": "e9b738da-208b-4ae5-a390-3e26dbac7835",
  "original_id": "a8a823d0-b295-4beb-a8a5-192bdc14dbee",
  "role": "customer"
}
[2025-08-27T13:45:55.115Z] [DEBUG] Created auth user: sss111@ss.ss
Data: {
  "supabase_id": "88246c15-8f13-4d97-93ca-fa2a1f676012",
  "original_id": "a9b67c5c-49df-40df-808e-39831b3bed73",
  "role": "customer"
}
[2025-08-27T13:45:55.286Z] [DEBUG] Created auth user: tr@gmail.com
Data: {
  "supabase_id": "458d3b62-42e7-4816-bb12-5f6f17a15739",
  "original_id": "a9eb386c-adca-4e35-b2e7-3d06a7a7afff",
  "role": "customer"
}
[2025-08-27T13:45:55.461Z] [DEBUG] Created auth user: dd11@dd.dd
Data: {
  "supabase_id": "089a31e3-2647-408d-a29a-c94ff34f6f9a",
  "original_id": "aa1f228a-0439-4503-b3a7-5122c87cb806",
  "role": "customer"
}
[2025-08-27T13:45:55.634Z] [DEBUG] Created auth user: test23@gmail.com
Data: {
  "supabase_id": "d3b02404-b135-4206-b348-e012cda946d3",
  "original_id": "aac89f35-0d9a-488d-866b-7d676a1f9b80",
  "role": "customer"
}
[2025-08-27T13:45:56.333Z] [DEBUG] Created auth user: sfsfdsfa@dfdsaf.dfd
Data: {
  "supabase_id": "55fa99c3-137b-4775-9b6f-b64853da51f9",
  "original_id": "aacdebf9-5ac1-4701-b46d-fc9eeba966d8",
  "role": "customer"
}
[2025-08-27T13:45:56.504Z] [DEBUG] Created auth user: saas@exm.com
Data: {
  "supabase_id": "25256e73-bce2-4499-b70d-686ea1fcad34",
  "original_id": "aae3ef81-2d89-4a26-8877-2ab9b5467756",
  "role": "customer"
}
[2025-08-27T13:45:56.681Z] [DEBUG] Created auth user: trr@example.coo
Data: {
  "supabase_id": "045edf5a-68b0-4dbf-99d1-e20ae4809cf5",
  "original_id": "ab2fabb2-5558-4f87-81c8-a80ea5c87ac5",
  "role": "customer"
}
[2025-08-27T13:45:56.856Z] [DEBUG] Created auth user: trp@example.coo
Data: {
  "supabase_id": "67b10be6-4201-4cbb-8b61-7a05c41e435c",
  "original_id": "abdd35ef-c417-46b2-ac1a-a337a199e457",
  "role": "customer"
}
[2025-08-27T13:45:57.024Z] [DEBUG] Created auth user: iuhni@example.com
Data: {
  "supabase_id": "ea56fd33-e761-4357-9c1f-f64a8bfa14b7",
  "original_id": "ac2ea64f-8046-4232-be6b-23fdfb174be3",
  "role": "customer"
}
[2025-08-27T13:45:57.200Z] [DEBUG] Created auth user: dd33@dd.dd
Data: {
  "supabase_id": "3ff74db2-c2f7-42c4-b93e-8daeb694704d",
  "original_id": "ac9f5a9e-9788-42c2-b80e-26e93fb96bc7",
  "role": "customer"
}
[2025-08-27T13:45:57.374Z] [DEBUG] Created auth user: rita@examople.comm
Data: {
  "supabase_id": "8ba18d0e-5125-4b43-910f-8bca91340d9a",
  "original_id": "ae04e780-7776-4473-b5ba-b0c419b3918c",
  "role": "customer"
}
[2025-08-27T13:45:57.544Z] [DEBUG] Created auth user: oiu@example.com
Data: {
  "supabase_id": "f201f0fb-a54f-4e55-a7d2-52a8fa1a3db0",
  "original_id": "aece15b8-2fa3-4391-9a50-e262bb71b595",
  "role": "customer"
}
[2025-08-27T13:45:57.718Z] [DEBUG] Created auth user: bruh@thisi4.com
Data: {
  "supabase_id": "631766e0-db2b-42bb-a2d1-dcc5ed8fd3d6",
  "original_id": "b0055fae-18bc-4ec5-a6da-f10066f44b8b",
  "role": "customer"
}
[2025-08-27T13:45:57.894Z] [DEBUG] Created auth user: indi@examplee.co
Data: {
  "supabase_id": "5da408d6-1d54-4390-a41d-12bf857c8775",
  "original_id": "b0351278-4a6a-4b6e-af7b-4b14e7d65645",
  "role": "customer"
}
[2025-08-27T13:45:58.575Z] [DEBUG] Created auth user: ky3@example.com
Data: {
  "supabase_id": "a7505e74-0cf3-4c2a-ba26-48bf378dd8a2",
  "original_id": "b1c612c6-25fd-42e1-9d55-fb31646d6807",
  "role": "customer"
}
[2025-08-27T13:45:58.751Z] [DEBUG] Created auth user: ky2@example.com
Data: {
  "supabase_id": "fb920b3c-9d1b-42ab-b6ae-1ac071a1d9ac",
  "original_id": "b2b39b98-65c4-4aa5-a7f5-b061a1306f7e",
  "role": "customer"
}
[2025-08-27T13:45:58.922Z] [DEBUG] Created auth user: ty@gf.coo
Data: {
  "supabase_id": "43dae5a7-2eb5-4b12-90d9-7019702a33d9",
  "original_id": "b335a5d4-666c-4a16-bd06-38e4c07ccb95",
  "role": "customer"
}
[2025-08-27T13:45:59.091Z] [DEBUG] Created auth user: aa88@aa.aa
Data: {
  "supabase_id": "e4b5953f-a0f9-4aaf-8bf6-629ad1741a25",
  "original_id": "b37bec88-4d29-45ac-a9a4-6a29a9481d1a",
  "role": "customer"
}
[2025-08-27T13:45:59.267Z] [DEBUG] Created auth user: iuhnh@example.com
Data: {
  "supabase_id": "45855456-1583-41d6-a4c1-55ed17d08d86",
  "original_id": "b3d02f0e-1057-4270-ab20-0ed4632ec140",
  "role": "customer"
}
[2025-08-27T13:45:59.443Z] [DEBUG] Created auth user: gt@rft.com
Data: {
  "supabase_id": "a51fffa4-ffa2-432f-91d2-d2926a9eae01",
  "original_id": "b50bf199-f029-4056-85ca-290f556bc396",
  "role": "customer"
}
[2025-08-27T13:45:59.614Z] [DEBUG] Created auth user: 1@example.com
Data: {
  "supabase_id": "895960be-a52e-44d1-893e-c7c72b4e3303",
  "original_id": "b587ba2a-95c5-484a-b08f-b4f9b8b48592",
  "role": "customer"
}
[2025-08-27T13:45:59.789Z] [DEBUG] Created auth user: uno@example.coo
Data: {
  "supabase_id": "7499ee43-356b-457c-91f6-10c9b7e7e141",
  "original_id": "b5ace7c8-4c20-4a1c-b254-530a7a2e8249",
  "role": "customer"
}
[2025-08-27T13:45:59.962Z] [DEBUG] Created auth user: ss11@ss.ss
Data: {
  "supabase_id": "b6cd45f3-bed5-4e70-b380-42e54047d502",
  "original_id": "b61b66e5-bfad-42cb-99a2-fa8eefa140ef",
  "role": "customer"
}
[2025-08-27T13:46:00.139Z] [DEBUG] Created auth user: asdsd@example.com
Data: {
  "supabase_id": "a55e9c32-45a0-46ca-8986-784c7204ca7a",
  "original_id": "b824e541-8f7a-475a-92c0-35b9afcf5496",
  "role": "customer"
}
[2025-08-27T13:46:00.834Z] [DEBUG] Created auth user: hbf@example.com
Data: {
  "supabase_id": "8ca1baf3-8074-4550-8233-dd3e2a1269ef",
  "original_id": "b945fa5c-7aa8-4319-b4e2-8dfc747980ea",
  "role": "customer"
}
[2025-08-27T13:46:01.012Z] [DEBUG] Created auth user: rrr@rrr.rrr
Data: {
  "supabase_id": "e9572241-d7d9-4230-99f7-65779868913b",
  "original_id": "ba61b5a7-c0e8-4948-9e53-5feae5e355f1",
  "role": "customer"
}
[2025-08-27T13:46:01.184Z] [DEBUG] Created auth user: test2test@gmaill.com
Data: {
  "supabase_id": "8741be89-90a4-4393-b606-7bdb172c8284",
  "original_id": "baadbd6e-32d3-4273-91f0-1a84e6059a5a",
  "role": "customer"
}
[2025-08-27T13:46:01.357Z] [DEBUG] Created auth user: india@examplee.comm
Data: {
  "supabase_id": "6aff66e7-9a67-4a9e-918f-3b1d26331192",
  "original_id": "bb308e3f-4045-483a-bb15-1e3fe601ce35",
  "role": "customer"
}
[2025-08-27T13:46:01.531Z] [DEBUG] Created auth user: aa44@aa.aa
Data: {
  "supabase_id": "cc183192-ef97-4ec5-b084-1d2fefc28d5c",
  "original_id": "bc84ce87-213a-4229-bfa3-ee1bb9dba7ff",
  "role": "customer"
}
[2025-08-27T13:46:01.706Z] [DEBUG] Created auth user: hngbuj@example.com
Data: {
  "supabase_id": "6cc4cea9-f317-464a-bea9-0e60e3f2fcdd",
  "original_id": "bd522050-e2da-4d4e-b336-07d33c914d81",
  "role": "customer"
}
[2025-08-27T13:46:01.882Z] [DEBUG] Created auth user: yt@uyt.bo
Data: {
  "supabase_id": "a63294b4-0345-4b4e-990d-f5873d6d1ada",
  "original_id": "bd5b3ff9-e564-4a64-850d-bf8046477d16",
  "role": "customer"
}
[2025-08-27T13:46:02.058Z] [DEBUG] Created auth user: six@example.com
Data: {
  "supabase_id": "4a20761a-f9c0-4320-9667-935103510dd7",
  "original_id": "bf59d9c8-3218-4cbd-a616-9aaf75bb790d",
  "role": "customer"
}
[2025-08-27T13:46:02.235Z] [DEBUG] Created auth user: te@gmans.ns
Data: {
  "supabase_id": "2cf3e49f-9f1c-4132-9ce8-53a7bb45947d",
  "original_id": "bf59ddc2-312f-42d6-b9c7-5ac78e6c4c7f",
  "role": "customer"
}
[2025-08-27T13:46:02.414Z] [DEBUG] Created auth user: bruh@thisi3.com
Data: {
  "supabase_id": "f13ef231-2fa0-4349-a84c-e6986bba46ab",
  "original_id": "bf65aef1-da0f-49bc-b7d5-c03978862eaf",
  "role": "customer"
}
[2025-08-27T13:46:03.100Z] [DEBUG] Created auth user: s@s.com
Data: {
  "supabase_id": "bf49641f-2959-48eb-b0f4-13c6cc21b379",
  "original_id": "bf81a1e0-f652-471d-aa57-ea369bea94fe",
  "role": "customer"
}
[2025-08-27T13:46:03.276Z] [DEBUG] Created auth user: tesfcgd@gmai.cin
Data: {
  "supabase_id": "2fbf2159-ed0d-423d-86db-aae667c0b23b",
  "original_id": "c14a8c6a-ab42-4257-985c-21bf27d2727e",
  "role": "customer"
}
[2025-08-27T13:46:03.450Z] [DEBUG] Created auth user: aa11@aa.aa
Data: {
  "supabase_id": "4db3ff79-0bb7-41f7-a683-8699305b3993",
  "original_id": "c1d0b4f4-099f-4a42-a906-ebdf51465422",
  "role": "customer"
}
[2025-08-27T13:46:03.626Z] [DEBUG] Created auth user: es@exapml.com
Data: {
  "supabase_id": "5bfbfad8-20c6-43cd-aa47-6bb24a7b5e3e",
  "original_id": "c1ec5acc-dad4-4374-a46a-c353aa96e3c1",
  "role": "customer"
}
[2025-08-27T13:46:03.801Z] [DEBUG] Created auth user: ihy@example.com
Data: {
  "supabase_id": "3f2a801d-8c1d-4bed-9102-501929e6118f",
  "original_id": "c23d1572-239c-4a62-bc59-43f08484615a",
  "role": "customer"
}
[2025-08-27T13:46:03.976Z] [DEBUG] Created auth user: test@twstexample.co
Data: {
  "supabase_id": "d4069360-8114-4659-aafc-a7f2dff61427",
  "original_id": "c26119ae-e025-4821-9860-010e2223b616",
  "role": "customer"
}
[2025-08-27T13:46:04.150Z] [DEBUG] Created auth user: mnj@example.com
Data: {
  "supabase_id": "ee35f6c6-2d48-43b7-802e-b03f305344e9",
  "original_id": "c3be824f-903b-48d3-aad7-4faa83ba1af1",
  "role": "customer"
}
[2025-08-27T13:46:04.325Z] [DEBUG] Created auth user: uyt@uj.coo
Data: {
  "supabase_id": "91be987f-0f93-434c-af72-7faa0e439de7",
  "original_id": "c3fbaf65-9671-4ef0-9b16-cba838b5aafb",
  "role": "customer"
}
[2025-08-27T13:46:04.500Z] [DEBUG] Created auth user: shreya17@ymirlabs.com
Data: {
  "supabase_id": "395132fb-2d91-4832-a776-ffa79dcaf61b",
  "original_id": "c944c322-2756-4cd2-86c0-581ef83e3770",
  "role": "customer"
}
[2025-08-27T13:46:04.675Z] [DEBUG] Created auth user: bullerina77@mail.com
Data: {
  "supabase_id": "90dbf31c-ea44-4c06-8766-ffd3fc6dd80b",
  "original_id": "ca3873de-0d49-4b6a-9033-fad1b48eab83",
  "role": "customer"
}
[2025-08-27T13:46:05.343Z] [DEBUG] Created auth user: poojadewani21@gmail.com
Data: {
  "supabase_id": "e0d0ea56-2c57-4035-9a76-46a135948199",
  "original_id": "ca481ad4-d6ae-45ad-b028-363dab9b0c21",
  "role": "customer"
}
[2025-08-27T13:46:05.520Z] [DEBUG] Created auth user: ty2@example.com
Data: {
  "supabase_id": "eaf77e6c-9621-4bab-88aa-c55333edc288",
  "original_id": "cb5a5630-f3f7-4b10-a845-735a3503eaa8",
  "role": "customer"
}
[2025-08-27T13:46:05.696Z] [DEBUG] Created auth user: tr@gg.co
Data: {
  "supabase_id": "2dcaa145-6277-4765-ac30-66e673f765ba",
  "original_id": "ce59a387-1825-4dfb-ba9e-91e6687e43ef",
  "role": "customer"
}
[2025-08-27T13:46:05.876Z] [DEBUG] Created auth user: hyvfujb@example.com
Data: {
  "supabase_id": "dc415d67-15e8-4a48-916e-07eb24ce4334",
  "original_id": "cf1bb086-a2ad-4981-956f-1d98b847d67c",
  "role": "customer"
}
[2025-08-27T13:46:06.052Z] [DEBUG] Created auth user: qwes@example.com
Data: {
  "supabase_id": "5c6a2a23-129a-4293-a7f6-f6d3dd5a62dc",
  "original_id": "d12117a7-7d2d-437f-8bca-d99055cb9f14",
  "role": "customer"
}
[2025-08-27T13:46:06.230Z] [DEBUG] Created auth user: ab@g.com
Data: {
  "supabase_id": "62b63628-bb1d-49f3-96e4-eee8081d32d0",
  "original_id": "d3005b48-642a-4c24-a4c6-755816a69811",
  "role": "customer"
}
[2025-08-27T13:46:06.405Z] [DEBUG] Created auth user: c@cc.com
Data: {
  "supabase_id": "cb49f491-5710-4db5-8770-9051d97bc4fb",
  "original_id": "d69308e0-ae6e-46de-bda0-164f8f3438e9",
  "role": "customer"
}
[2025-08-27T13:46:06.578Z] [DEBUG] Created auth user: chatgp@example.coo
Data: {
  "supabase_id": "e25550c6-5a88-40ef-bf7d-91778468e1c0",
  "original_id": "d7341670-2754-4523-a1c3-cb42bc19226c",
  "role": "customer"
}
[2025-08-27T13:46:06.753Z] [DEBUG] Created auth user: trfwf@example.com
Data: {
  "supabase_id": "857540a0-f7e6-4173-ae26-57829a26f7ba",
  "original_id": "d81b1bbe-d454-4c1a-8870-c3aea6d9d43e",
  "role": "customer"
}
[2025-08-27T13:46:06.929Z] [DEBUG] Created auth user: adad@aad.ck
Data: {
  "supabase_id": "30b40a0a-6249-47f6-a230-5db126eac828",
  "original_id": "dbfe28f0-ee40-458e-8d09-df3ef5c81060",
  "role": "customer"
}
[2025-08-27T13:46:07.614Z] [DEBUG] Created auth user: tr@rt.bv
Data: {
  "supabase_id": "f140ada5-980f-4e04-b50d-c1ebbc48737e",
  "original_id": "dc030a03-95a3-4f7a-8d62-5b073dad77b3",
  "role": "customer"
}
[2025-08-27T13:46:07.790Z] [DEBUG] Created auth user: vc@vc.com
Data: {
  "supabase_id": "719919fc-39ac-477d-9b51-abb5735d726d",
  "original_id": "dd044e62-84b1-40b4-9f3d-7cbda4c94e54",
  "role": "customer"
}
[2025-08-27T13:46:07.960Z] [DEBUG] Created auth user: avinash350@gmail.com
Data: {
  "supabase_id": "f959cfe5-5116-4bfa-a72c-a50a28870420",
  "original_id": "ddfaf5ec-abe7-4c05-9c67-88d841591544",
  "role": "customer"
}
[2025-08-27T13:46:08.131Z] [DEBUG] Created auth user: swati1@ymirlabs.com
Data: {
  "supabase_id": "83e7c558-0acd-4135-8029-bb1105534ab1",
  "original_id": "e28e7e2e-5eb5-4047-a9ed-f60ecb901ce6",
  "role": "customer"
}
[2025-08-27T13:46:08.308Z] [DEBUG] Created auth user: testuser1@ff.gg
Data: {
  "supabase_id": "0621347c-dec2-4809-9e0c-583f17eeda9a",
  "original_id": "e2a4f3e7-70c0-4a61-a045-b16a3572db1d",
  "role": "customer"
}
[2025-08-27T13:46:08.483Z] [DEBUG] Created auth user: testingt@t.com
Data: {
  "supabase_id": "7e396ca4-4515-4dd0-814e-003adadeadaa",
  "original_id": "e3067e9c-5c5c-439d-b123-466b7afdfed1",
  "role": "customer"
}
[2025-08-27T13:46:08.657Z] [DEBUG] Created auth user: ab12@ab.ab
Data: {
  "supabase_id": "6b6a0f3d-0e6e-48ba-9b52-fede14c469c8",
  "original_id": "e3c8f70a-5d13-46da-a8a9-5f260737ad33",
  "role": "customer"
}
[2025-08-27T13:46:08.833Z] [DEBUG] Created auth user: dust@example.com
Data: {
  "supabase_id": "2efd1b15-796f-4f12-929e-020f2b1bd97a",
  "original_id": "e495bbec-2b70-4f8d-97c4-485813903a29",
  "role": "customer"
}
[2025-08-27T13:46:09.007Z] [DEBUG] Created auth user: user23@tt.tt
Data: {
  "supabase_id": "3c9a65c0-0c75-4e13-a238-4679aceb7e83",
  "original_id": "e4a4e6d8-31ab-4431-99a8-ef9addeb4f0d",
  "role": "customer"
}
[2025-08-27T13:46:09.182Z] [DEBUG] Created auth user: south@example.com
Data: {
  "supabase_id": "b7441242-99e9-4666-b1df-ac8eb756d03b",
  "original_id": "e50c3843-2a4d-4c46-9088-f4f3259cbb29",
  "role": "customer"
}
[2025-08-27T13:46:09.873Z] [DEBUG] Created auth user: awee@example.com
Data: {
  "supabase_id": "bedf232d-c1c4-496a-92da-c01778b5c694",
  "original_id": "e6fb5a99-051b-41df-baef-dfe30de2f7dd",
  "role": "customer"
}
[2025-08-27T13:46:10.044Z] [DEBUG] Created auth user: sdma@gma.com
Data: {
  "supabase_id": "9e168907-7970-44d5-83a6-84f977c5cbbb",
  "original_id": "e827c2dc-0eaa-4966-b087-5d370eac1043",
  "role": "customer"
}
[2025-08-27T13:46:10.204Z] [DEBUG] Created auth user: iknh@example.com
Data: {
  "supabase_id": "9a8a04b7-8473-4e0d-907e-bead0725d119",
  "original_id": "e8f31ae5-3b65-44e8-b39c-48962e62a300",
  "role": "customer"
}
[2025-08-27T13:46:10.378Z] [DEBUG] Created auth user: yyyyy@example.com
Data: {
  "supabase_id": "95130c07-78bb-49b1-83e7-2f09c88e9bd2",
  "original_id": "e905aaa0-2692-4c83-9a5b-d96c490f82fa",
  "role": "customer"
}
[2025-08-27T13:46:10.552Z] [DEBUG] Created auth user: ytuiu@example.com
Data: {
  "supabase_id": "ffd06b8c-2c3d-46ec-b382-54303f1c3334",
  "original_id": "eb3665d6-9526-41b0-bee3-ea51dd8dd636",
  "role": "customer"
}
[2025-08-27T13:46:10.718Z] [DEBUG] Created auth user: hy5@example.com
Data: {
  "supabase_id": "327ae879-a972-453e-a401-97a27878ccd8",
  "original_id": "ebbc2131-ed8b-43f4-b082-716499185a25",
  "role": "customer"
}
[2025-08-27T13:46:10.895Z] [DEBUG] Created auth user: shruti@mailinator.com
Data: {
  "supabase_id": "8ff4586a-690f-4062-94dd-709d6c5278a3",
  "original_id": "ec038541-7cb5-4c39-b1c8-90258da55298",
  "role": "customer"
}
[2025-08-27T13:46:11.067Z] [DEBUG] Created auth user: west@example.com
Data: {
  "supabase_id": "3ab1c903-a8fd-4e55-bc22-cee8b6074f76",
  "original_id": "ec1eb2f3-11da-4490-92ca-211d2bd022fd",
  "role": "customer"
}
[2025-08-27T13:46:11.259Z] [DEBUG] Created auth user: jhbjh@example.com
Data: {
  "supabase_id": "3ee266fe-a5ae-4320-b3a4-b9b8197b65bd",
  "original_id": "ece3b45b-eb2b-47cf-96b6-ad3e68fdfa87",
  "role": "customer"
}
[2025-08-27T13:46:11.428Z] [DEBUG] Created auth user: asdfsadf.dfsd@afdsfdfds.sdfs
Data: {
  "supabase_id": "83e53555-beea-469d-8a4a-d4258725e11c",
  "original_id": "ecf1d9ae-4f8c-40e9-845e-f736e1bf38f0",
  "role": "customer"
}
[2025-08-27T13:46:12.121Z] [DEBUG] Created auth user: reta@example.com
Data: {
  "supabase_id": "55db6a5b-18d4-44f9-b697-4c01c8517cdf",
  "original_id": "edbca7d5-a329-496e-8e87-b7ec7fa3b537",
  "role": "customer"
}
[2025-08-27T13:46:12.299Z] [DEBUG] Created auth user: Yar@exm.coo
Data: {
  "supabase_id": "32d95849-fc40-4a4d-898a-4f49a3acaf2a",
  "original_id": "efa47d74-330d-4342-9df5-c9c75cdf9f78",
  "role": "customer"
}
[2025-08-27T13:46:12.475Z] [DEBUG] Created auth user: oium@example.com
Data: {
  "supabase_id": "4f41076d-ab95-4894-8598-8f999618685c",
  "original_id": "f7764793-482f-40a8-8ae0-cd9a2258e114",
  "role": "customer"
}
[2025-08-27T13:46:12.648Z] [DEBUG] Created auth user: tatas@example.comm
Data: {
  "supabase_id": "0dc7ef91-68cd-40ba-a60b-03bf910490db",
  "original_id": "fb2341b4-3d95-4036-be10-d294a5953916",
  "role": "customer"
}
[2025-08-27T13:46:12.820Z] [DEBUG] Created auth user: test@example.com
Data: {
  "supabase_id": "4ce79f1a-4798-4df8-8ef2-9c07cc081606",
  "original_id": "fbff52d2-9aa9-4c0d-a0b1-f5997647cb00",
  "role": "customer"
}
[2025-08-27T13:46:12.986Z] [DEBUG] Created auth user: tr@w.vb
Data: {
  "supabase_id": "93244749-acdc-466d-a071-9c871d3a54c1",
  "original_id": "fc18dbdc-3028-4ee8-b69b-091585e3631b",
  "role": "customer"
}
[2025-08-27T13:46:13.157Z] [DEBUG] Created auth user: Fire@example.cc
Data: {
  "supabase_id": "cdce7f3f-2f5a-4f89-859b-2722b524fc5b",
  "original_id": "fe589457-1399-4cd0-9ff2-c20817a7df5e",
  "role": "customer"
}
[2025-08-27T13:46:13.334Z] [DEBUG] Created auth user: repo@example.coo
Data: {
  "supabase_id": "3817837b-8dc9-4adb-9b51-bc63cd2662ac",
  "original_id": "ff5c2212-0bae-4e56-bb69-b341c5ca300c",
  "role": "customer"
}
[2025-08-27T13:46:13.511Z] [DEBUG] Created auth user: ggh@exm.com
Data: {
  "supabase_id": "af428eaa-693f-492a-a505-8fd106be56a7",
  "original_id": "00b1e604-3fdd-489f-825b-15287571bf6c",
  "role": "stylist"
}
[2025-08-27T13:46:13.688Z] [DEBUG] Created auth user: plot@example.com
Data: {
  "supabase_id": "8c21815b-c2ca-4578-aef9-056f73c6a82d",
  "original_id": "0104f267-ff2b-4515-b418-9f4747ad258a",
  "role": "stylist"
}
[2025-08-27T13:46:14.383Z] [DEBUG] Created auth user: desy@exmample.com
Data: {
  "supabase_id": "a18a7383-f8c2-4dc3-b67d-6b0dc927b52f",
  "original_id": "192c39b4-36b0-4658-99c0-6fc8017106bb",
  "role": "stylist"
}
[2025-08-27T13:46:14.561Z] [DEBUG] Created auth user: trd@example.com
Data: {
  "supabase_id": "49e689fa-86f3-4dce-a684-121cf64a9551",
  "original_id": "1e0591da-959b-4167-a8ca-7213002bc9cf",
  "role": "stylist"
}
[2025-08-27T13:46:14.735Z] [DEBUG] Created auth user: plot6@example.com
Data: {
  "supabase_id": "7ff02b6e-fb38-45b0-9942-902e41cfe1b8",
  "original_id": "2025c2ee-4f07-4aea-bf24-4a6fc2798844",
  "role": "stylist"
}
[2025-08-27T13:46:14.911Z] [DEBUG] Created auth user: sfsdfas@fafsd.dfdf
Data: {
  "supabase_id": "a4ee395a-1613-46ab-9393-f718dc127af9",
  "original_id": "207e697e-665a-4181-a6d5-f1490d911948",
  "role": "stylist"
}
[2025-08-27T13:46:15.087Z] [DEBUG] Created auth user: adsfkk@gmail.com
Data: {
  "supabase_id": "f4f0904a-6a6e-4855-b469-f6d46ff54b4b",
  "original_id": "20ab0ab1-bb08-4c19-b395-09722c3d23b6",
  "role": "stylist"
}
[2025-08-27T13:46:15.263Z] [DEBUG] Created auth user: shruti29kudache@gma.com
Data: {
  "supabase_id": "70ed36f1-0a97-44f4-abd8-a8be52e38d01",
  "original_id": "21bf60d7-b60d-4c32-9417-4e203b7ff9b3",
  "role": "stylist"
}
[2025-08-27T13:46:15.428Z] [DEBUG] Created auth user: ouiasd@example.com
Data: {
  "supabase_id": "e285598b-00ec-4b51-9116-61bc0ec2863d",
  "original_id": "2352a29b-4f3e-484d-8062-aa68ecbc20ed",
  "role": "stylist"
}
[2025-08-27T13:46:15.597Z] [DEBUG] Created auth user: yrt@exampp.com
Data: {
  "supabase_id": "f1252743-73cb-4814-bd7f-37fed751194f",
  "original_id": "2607c961-063c-4f50-9230-dff6145d1870",
  "role": "stylist"
}
[2025-08-27T13:46:15.769Z] [DEBUG] Created auth user: stylist4@gmail.com
Data: {
  "supabase_id": "01d5916e-16f7-45a0-95cd-08a311a8b0b5",
  "original_id": "2746fc4a-cc71-4a72-9a99-fb10e133405e",
  "role": "stylist"
}
[2025-08-27T13:46:15.945Z] [DEBUG] Created auth user: pooja@example.com
Data: {
  "supabase_id": "6efa5e5a-034d-402f-8e4a-917fc6296c43",
  "original_id": "27ba80bb-7562-404f-86ed-15d2ce449a76",
  "role": "stylist"
}
[2025-08-27T13:46:16.640Z] [DEBUG] Created auth user: stylistsix@mailinator.com
Data: {
  "supabase_id": "4eb0df84-34d9-43ee-a2a2-1dd0a5c79a65",
  "original_id": "27f449b5-0a29-41b1-ba9b-1ec5f358fd6f",
  "role": "stylist"
}
[2025-08-27T13:46:16.816Z] [DEBUG] Created auth user: stylist8@gmail.com
Data: {
  "supabase_id": "2c1e4e82-b44b-4310-a593-648c73bf89eb",
  "original_id": "299fc62e-5d1e-458d-8d3c-1ed41a0e2ac3",
  "role": "stylist"
}
[2025-08-27T13:46:16.992Z] [DEBUG] Created auth user: ss@sp.ci
Data: {
  "supabase_id": "566eec1b-21f4-4fe0-904f-12d9c93237b0",
  "original_id": "29ac2388-22b3-431e-8246-c2acceeacef4",
  "role": "stylist"
}
[2025-08-27T13:46:17.166Z] [DEBUG] Created auth user: testttt@example.voo
Data: {
  "supabase_id": "6a7de026-f6a9-45bd-8c35-1e8d51107976",
  "original_id": "2e9e088a-02a8-4f16-86da-454161ee7be3",
  "role": "stylist"
}
[2025-08-27T13:46:17.341Z] [DEBUG] Created auth user: abc@xyz.com
Data: {
  "supabase_id": "83633c84-8d5b-4f81-95f4-c7fb5d425b9c",
  "original_id": "2ff3664f-6c98-4365-bf65-be6272d88bcd",
  "role": "stylist"
}
[2025-08-27T13:46:17.513Z] [DEBUG] Created auth user: indStylist3@gmail.com
Data: {
  "supabase_id": "bf9177f2-0e47-4619-a0fe-194b0642ccdd",
  "original_id": "314c5ca6-132f-4aca-a51a-0bc4577ddc5a",
  "role": "stylist"
}
[2025-08-27T13:46:17.687Z] [DEBUG] Created auth user: test@testng.com
Data: {
  "supabase_id": "5722c658-f40b-4344-b3b9-bcbaa6c52c12",
  "original_id": "36c29a25-7db3-4ef3-bc00-b2844f1ed742",
  "role": "stylist"
}
[2025-08-27T13:46:17.865Z] [DEBUG] Created auth user: ssthree@mailinator.com
Data: {
  "supabase_id": "45a32e83-1946-482a-a2fb-631becd46ad4",
  "original_id": "37ee5e8a-5938-44c2-b850-69d94698f917",
  "role": "stylist"
}
[2025-08-27T13:46:18.036Z] [DEBUG] Created auth user: a@example.com
Data: {
  "supabase_id": "877e5bdb-379c-4a55-a470-d7ecfd9d9101",
  "original_id": "384b9af4-72f3-47dc-b8ad-c3ac4f57cbfb",
  "role": "stylist"
}
[2025-08-27T13:46:18.212Z] [DEBUG] Created auth user: amit99@ymirlabs.com
Data: {
  "supabase_id": "d395ec69-72a8-48cd-b9b9-f566bf84d529",
  "original_id": "3927fc9e-92d5-4b9c-bcb9-6d1b7f83a1da",
  "role": "stylist"
}
[2025-08-27T13:46:18.905Z] [DEBUG] Created auth user: afdsfsd@esf.dfd
Data: {
  "supabase_id": "a7b5902f-820f-402d-bcc8-e157d15ef67c",
  "original_id": "3b5cde98-9c87-49fc-bbc1-d05a8cfebd2e",
  "role": "stylist"
}
[2025-08-27T13:46:19.083Z] [DEBUG] Created auth user: yfbu@example.com
Data: {
  "supabase_id": "b45380bc-03a7-49d1-82ec-97426ef1d714",
  "original_id": "3cacd183-764d-4bf6-a8ed-77be380f5869",
  "role": "stylist"
}
[2025-08-27T13:46:19.259Z] [DEBUG] Created auth user: jubgy@example.com
Data: {
  "supabase_id": "54130c01-3368-4f60-8d82-aa904abccc15",
  "original_id": "3f03b1d0-e5a3-4670-a5e7-8e9c50ab2e5d",
  "role": "stylist"
}
[2025-08-27T13:46:19.435Z] [DEBUG] Created auth user: zx@example.com
Data: {
  "supabase_id": "6473a96b-b5ba-4d74-8734-7b8d77dc0109",
  "original_id": "40215c1b-f977-45ba-aff0-b45e7ddce015",
  "role": "stylist"
}
[2025-08-27T13:46:19.607Z] [DEBUG] Created auth user: rahul111@ymirlabs.com
Data: {
  "supabase_id": "3d9a7b10-d676-4ecb-b984-913fd342a579",
  "original_id": "42e09fab-712d-43a7-a8a3-e2288f7b7803",
  "role": "stylist"
}
[2025-08-27T13:46:19.780Z] [DEBUG] Created auth user: testSty5@mailinator.com
Data: {
  "supabase_id": "80261e2f-8e4b-43c6-8a50-870fefd0543b",
  "original_id": "446c88d8-e958-43b3-8a4a-236636cd7c20",
  "role": "stylist"
}
[2025-08-27T13:46:19.947Z] [DEBUG] Created auth user: hybf@example.com
Data: {
  "supabase_id": "4ef031e8-546e-495e-8667-f3298a8380b6",
  "original_id": "44bead70-f378-40b1-b48a-85b5bb8ab6e3",
  "role": "stylist"
}
[2025-08-27T13:46:20.123Z] [DEBUG] Created auth user: style1@a1.com
Data: {
  "supabase_id": "74e59c3b-9a21-44ee-a607-0c5f2c97cdc7",
  "original_id": "44cc1a57-701d-481d-9fab-dcc36ce9343b",
  "role": "stylist"
}
[2025-08-27T13:46:20.291Z] [DEBUG] Created auth user: oui@example.coo
Data: {
  "supabase_id": "af50ed82-78b0-4f81-adfc-e1c92713780d",
  "original_id": "46644565-e372-47a0-9675-4d1c64e04531",
  "role": "stylist"
}
[2025-08-27T13:46:20.466Z] [DEBUG] Created auth user: zsfd@gmail.com
Data: {
  "supabase_id": "b3c245e9-42fe-446a-98f8-e2a11ef9d5bf",
  "original_id": "4ac90719-a4b7-4c80-abc7-a2fdd9abb4ef",
  "role": "stylist"
}
[2025-08-27T13:46:21.163Z] [DEBUG] Created auth user: havard@ymirlabs.com
Data: {
  "supabase_id": "2995ef2c-5844-45c9-b846-51579302b4c2",
  "original_id": "4b229ac1-8cce-40d5-935d-2b62b0daeb4a",
  "role": "stylist"
}
[2025-08-27T13:46:21.336Z] [DEBUG] Created auth user: z@example.com
Data: {
  "supabase_id": "4d9e93ef-dc1f-455a-9f6a-09fee6aa4e19",
  "original_id": "4d23c930-582a-4437-b8dc-f2535335542f",
  "role": "stylist"
}
[2025-08-27T13:46:21.502Z] [DEBUG] Created auth user: testSty6@mailinator.com
Data: {
  "supabase_id": "e4d9bf95-641b-41f9-9cd1-318242f52c0b",
  "original_id": "4e276109-46b0-4dbf-9f64-eece67c1f470",
  "role": "stylist"
}
[2025-08-27T13:46:21.691Z] [DEBUG] Created auth user: testw@examplee.co
Data: {
  "supabase_id": "25172860-1f65-4794-84a5-ac40d0fc0d6b",
  "original_id": "4f34d4a7-0121-4c2b-aa32-ae71bb167e68",
  "role": "stylist"
}
[2025-08-27T13:46:21.868Z] [DEBUG] Created auth user: te@n.mn
Data: {
  "supabase_id": "8160bb3c-ce8c-4445-beb9-ecc738c571b6",
  "original_id": "4f8b208e-41dc-494d-a483-295ae68c8d87",
  "role": "stylist"
}
[2025-08-27T13:46:22.041Z] [DEBUG] Created auth user: hsj@hd.com
Data: {
  "supabase_id": "42cf0409-cb70-4ba6-a058-6e379648da84",
  "original_id": "533879c9-8ca4-4898-96a2-a8901779fecf",
  "role": "stylist"
}
[2025-08-27T13:46:22.217Z] [DEBUG] Created auth user: plot2@example.com
Data: {
  "supabase_id": "b840cb6d-c82d-4ec6-bc40-ddc010b07ba3",
  "original_id": "54ff784b-e8b0-47c8-ba25-0e3c3e613f96",
  "role": "stylist"
}
[2025-08-27T13:46:22.390Z] [DEBUG] Created auth user: sssss@example.com
Data: {
  "supabase_id": "10a364ce-56e0-4e50-8f7d-8023c57fde3f",
  "original_id": "550d8bd4-6a08-4d89-82b5-d6e0be4c9906",
  "role": "stylist"
}
[2025-08-27T13:46:22.559Z] [DEBUG] Created auth user: sdfadfd@fs.ere
Data: {
  "supabase_id": "c9f8df47-5ab5-4dc5-ba2b-306316249700",
  "original_id": "554a6eb4-97bc-4bf9-9a9f-df18fffa3e35",
  "role": "stylist"
}
[2025-08-27T13:46:22.734Z] [DEBUG] Created auth user: indStylist1@gmail.com
Data: {
  "supabase_id": "67246d26-b9d2-4215-b6e7-c1f7e49d83d9",
  "original_id": "55ebafe6-d4b9-43e2-82a4-18dd79cf7385",
  "role": "stylist"
}
[2025-08-27T13:46:23.431Z] [DEBUG] Created auth user: shrutitestqa@gmail.com
Data: {
  "supabase_id": "faed04ce-a9cf-4f54-8a86-1a6152b2db5c",
  "original_id": "5663be75-a30c-45ab-823f-b819d2ed5d5f",
  "role": "stylist"
}
[2025-08-27T13:46:23.607Z] [DEBUG] Created auth user: a1@example.com
Data: {
  "supabase_id": "04d14fe6-4aa7-4afc-8a41-647864e424b0",
  "original_id": "57870eaa-b7c9-4387-9ae4-6e80a7b46a07",
  "role": "stylist"
}
[2025-08-27T13:46:23.783Z] [DEBUG] Created auth user: ivarnakken1441@gmail.com
Data: {
  "supabase_id": "71f88143-ddb3-4f3f-8916-4aefdceb4841",
  "original_id": "58214a2f-3e20-4492-b783-09b05a1fe7b5",
  "role": "stylist"
}
[2025-08-27T13:46:23.960Z] [DEBUG] Created auth user: gisf@cd.co
Data: {
  "supabase_id": "fcedfdf9-a27d-459d-81ff-d610274dadb8",
  "original_id": "5ab77982-37fd-4448-8f40-a4cc7dd2ab1f",
  "role": "stylist"
}
[2025-08-27T13:46:24.134Z] [DEBUG] Created auth user: dfsdgdsgf@fddsfaf.dfs
Data: {
  "supabase_id": "9dcc975c-ec31-4c25-b207-f70719b212ee",
  "original_id": "5ad1a273-e318-4da6-8bc6-dce44754a107",
  "role": "stylist"
}
[2025-08-27T13:46:24.310Z] [DEBUG] Created auth user: avinash.hemagire@gmail.com
Data: {
  "supabase_id": "02db0023-d499-4ec3-bbf1-a26f1a489391",
  "original_id": "5c390788-71d7-4219-8aff-376717f1a1cd",
  "role": "stylist"
}
[2025-08-27T13:46:24.484Z] [DEBUG] Created auth user: 333@example.com
Data: {
  "supabase_id": "5318200e-8055-470f-8398-7e52ea63c18f",
  "original_id": "5f81a02b-d769-43ec-8cb0-f57aa96e9b18",
  "role": "stylist"
}
[2025-08-27T13:46:24.656Z] [DEBUG] Created auth user: tomas@tomaserdis.com
Data: {
  "supabase_id": "c2bf23e0-6e64-4d38-935e-0a4f73aeabdf",
  "original_id": "5fca7d50-a1d1-473f-ac90-417d4cf606a9",
  "role": "stylist"
}
[2025-08-27T13:46:24.831Z] [DEBUG] Created auth user: avinash365@gmail.com
Data: {
  "supabase_id": "8d0af4f4-7214-44a0-9300-f66cc61b0690",
  "original_id": "5febf253-d594-4b9f-b1b2-2c5bc9913d1f",
  "role": "stylist"
}
[2025-08-27T13:46:25.008Z] [DEBUG] Created auth user: plot3@example.com
Data: {
  "supabase_id": "17eaaaca-09ed-4541-ab57-a85966868b05",
  "original_id": "66648681-ae24-4159-bd4b-7a5fdfe5e08a",
  "role": "stylist"
}
[2025-08-27T13:46:25.695Z] [DEBUG] Created auth user: test903@mailinator.com
Data: {
  "supabase_id": "a0a81647-d7f3-45ff-adc2-13778b128e6b",
  "original_id": "68aedb6e-541f-4b87-ae8b-031e4f38655d",
  "role": "stylist"
}
[2025-08-27T13:46:25.873Z] [DEBUG] Created auth user: ss@ss.vv
Data: {
  "supabase_id": "4a46f4f8-6df0-4039-9bcd-ba28ed55beaf",
  "original_id": "699f1dff-b627-410d-bf72-f1a1910d9d0e",
  "role": "stylist"
}
[2025-08-27T13:46:26.042Z] [DEBUG] Created auth user: jay@ymirlabs.com
Data: {
  "supabase_id": "169ad688-ee35-4f29-9295-5557ec0ac0a3",
  "original_id": "69ab6591-5e66-4753-85bb-1976a8fb7386",
  "role": "stylist"
}
[2025-08-27T13:46:26.216Z] [DEBUG] Created auth user: sdfsdfsdf@sdfsdf.dfd
Data: {
  "supabase_id": "90185a49-7dfb-4c65-b5e6-71d1abcd6008",
  "original_id": "6b20043f-4953-4a12-969b-99541d6cda6e",
  "role": "stylist"
}
[2025-08-27T13:46:26.392Z] [DEBUG] Created auth user: shre@ymirlabs.com
Data: {
  "supabase_id": "6ff9a7ef-9d3e-4807-ad32-d9de1eddd71a",
  "original_id": "6b679d68-ccb8-489f-917f-bf901f2181a9",
  "role": "stylist"
}
[2025-08-27T13:46:26.568Z] [DEBUG] Created auth user: test@examplee.com
Data: {
  "supabase_id": "990601f5-0d35-4deb-afa7-14595deb5dcb",
  "original_id": "6c2ebdcb-a4c9-4fd9-bd14-f7a6a132f166",
  "role": "stylist"
}
[2025-08-27T13:46:26.742Z] [DEBUG] Created auth user: jay1@ymirlabs.com
Data: {
  "supabase_id": "60627b6c-96ee-4caa-b2ae-329d2115b954",
  "original_id": "6c8ab5c1-7962-4504-8205-1ee1a9334644",
  "role": "stylist"
}
[2025-08-27T13:46:26.917Z] [DEBUG] Created auth user: test124@gmail.com
Data: {
  "supabase_id": "8cce878a-1054-4ee4-bd9c-33905c429812",
  "original_id": "6dafe37b-cef3-43e4-a2e2-fa1a421bf0f0",
  "role": "stylist"
}
[2025-08-27T13:46:27.091Z] [DEBUG] Created auth user: indStylist2@gmail.com
Data: {
  "supabase_id": "2b78c5dc-b6a6-45c6-917a-ac81f564c190",
  "original_id": "6e33fc9f-8032-4902-8379-1c64d31ee4c4",
  "role": "stylist"
}
[2025-08-27T13:46:27.266Z] [DEBUG] Created auth user: reall@mailinator.com
Data: {
  "supabase_id": "a9bb1e6a-d25d-4937-9591-44e6609b3d87",
  "original_id": "6e731073-93c1-49a0-af4b-200bca6d270b",
  "role": "stylist"
}
[2025-08-27T13:46:27.961Z] [DEBUG] Created auth user: tr@r.com
Data: {
  "supabase_id": "a3438a0f-bb51-42c7-ab09-d9c3081403f1",
  "original_id": "6fc822c4-c7cb-401f-95a1-98bb10b8e879",
  "role": "stylist"
}
[2025-08-27T13:46:28.138Z] [DEBUG] Created auth user: dsdgsfg@dfg.fds
Data: {
  "supabase_id": "cdcc5719-934d-4660-91de-860e23d3f7aa",
  "original_id": "713cdba4-a22c-4cc1-9e8b-9b0b1f24c55f",
  "role": "stylist"
}
[2025-08-27T13:46:28.316Z] [DEBUG] Created auth user: 111@example.com
Data: {
  "supabase_id": "cf9d0560-4a58-43cb-90a8-d4e7cbcda4cc",
  "original_id": "71591bf5-77d7-4974-b1bc-5d4b4692271c",
  "role": "stylist"
}
[2025-08-27T13:46:28.490Z] [DEBUG] Created auth user: sk@sk.com
Data: {
  "supabase_id": "48803243-8ac5-4dbd-9bdf-68084a3c0c9a",
  "original_id": "72298093-9e88-493c-adb3-d8187253382f",
  "role": "stylist"
}
[2025-08-27T13:46:28.666Z] [DEBUG] Created auth user: amit92@ymirlabs.com
Data: {
  "supabase_id": "c98e89fd-6c08-403a-b24a-3fef9abfdaca",
  "original_id": "73543559-4ed9-4e3a-b17e-2f145ef21f81",
  "role": "stylist"
}
[2025-08-27T13:46:28.841Z] [DEBUG] Created auth user: nabostylist@mailinator.com
Data: {
  "supabase_id": "de672b26-b975-488d-a023-8072c974f691",
  "original_id": "74ce8efd-f9d9-484b-ba6e-ed74ecb0bfe8",
  "role": "stylist"
}
[2025-08-27T13:46:29.010Z] [DEBUG] Created auth user: teststy4@example.com
Data: {
  "supabase_id": "fee16dcf-d473-48c0-b5b8-484d9df1de07",
  "original_id": "7575ad92-7b8b-4ffa-a203-6eac5f2cf445",
  "role": "stylist"
}
[2025-08-27T13:46:29.184Z] [DEBUG] Created auth user: aa@example.com
Data: {
  "supabase_id": "47ee3376-0175-4a43-b7d8-c099b718168e",
  "original_id": "79774ba9-665f-463b-8e23-3c23ab676904",
  "role": "stylist"
}
[2025-08-27T13:46:29.360Z] [DEBUG] Created auth user: sae@nabo.com
Data: {
  "supabase_id": "6b8332d5-5daa-46e6-bb76-4f36c58739ec",
  "original_id": "798d8dcc-a390-4442-9345-4fdc1598c5e3",
  "role": "stylist"
}
[2025-08-27T13:46:29.533Z] [DEBUG] Created auth user: d@j.ca
Data: {
  "supabase_id": "d3b1ace0-5aff-4396-b11a-de87e63f898f",
  "original_id": "799d442f-9416-4f2a-ad6b-6bf78abffc05",
  "role": "stylist"
}
[2025-08-27T13:46:30.203Z] [DEBUG] Created auth user: testSty2@example.com
Data: {
  "supabase_id": "4433a7c4-05ab-4cc3-9727-d8c59f38df53",
  "original_id": "7b98973e-143b-48fc-b3d2-cf8887d490dd",
  "role": "stylist"
}
[2025-08-27T13:46:30.376Z] [DEBUG] Created auth user: a@gma.com
Data: {
  "supabase_id": "f5c097db-de14-4d93-9bdd-a687b59a2cd6",
  "original_id": "8000f3bd-4723-4a0b-8e0e-c84b3099fc4e",
  "role": "stylist"
}
[2025-08-27T13:46:30.549Z] [DEBUG] Created auth user: testSty7@mailinator.com
Data: {
  "supabase_id": "6ea4f884-c65f-4b4e-b100-ffbe40826438",
  "original_id": "81afc4b5-b62b-43f3-b595-db737eacb8cd",
  "role": "stylist"
}
[2025-08-27T13:46:30.726Z] [DEBUG] Created auth user: mhjhn@example.com
Data: {
  "supabase_id": "40767de0-77a3-436f-8ab0-1fdd4df0b9e1",
  "original_id": "8493747c-2185-40c2-ae0a-44994c9cd5bf",
  "role": "stylist"
}
[2025-08-27T13:46:30.901Z] [DEBUG] Created auth user: aaa@example.com
Data: {
  "supabase_id": "06c9779d-ec0b-4dc9-944a-9bd402999608",
  "original_id": "859c2b7a-fcfe-4b0b-8bcb-3337890aef6f",
  "role": "stylist"
}
[2025-08-27T13:46:31.079Z] [DEBUG] Created auth user: hdhdh@example.com
Data: {
  "supabase_id": "f80ba36a-2ec6-43b9-a930-b89d5e9c1be9",
  "original_id": "8662450b-2818-45d2-8053-da48d4fca76c",
  "role": "stylist"
}
[2025-08-27T13:46:31.251Z] [DEBUG] Created auth user: test@vb.com
Data: {
  "supabase_id": "221636e2-f8da-48cc-b2a7-f36d23c3f4d0",
  "original_id": "8a5606ef-7bad-4963-89d3-58bb37501b98",
  "role": "stylist"
}
[2025-08-27T13:46:31.422Z] [DEBUG] Created auth user: jay123@example.com
Data: {
  "supabase_id": "f33df550-445f-4beb-b1bb-1e6f076a147b",
  "original_id": "8e911850-9a79-49c3-8c70-d564ce4094a0",
  "role": "stylist"
}
[2025-08-27T13:46:31.596Z] [DEBUG] Created auth user: ss@example.com
Data: {
  "supabase_id": "1febd75e-0b91-4b22-80ef-53afc69cb007",
  "original_id": "8f412e8f-5642-4123-8085-95b7aa456049",
  "role": "stylist"
}
[2025-08-27T13:46:31.769Z] [DEBUG] Created auth user: as@gmail.com
Data: {
  "supabase_id": "8f1fd946-54ab-4f25-908e-74851957039c",
  "original_id": "8f9a537f-560e-46d1-b8f4-b1d215b150fb",
  "role": "stylist"
}
[2025-08-27T13:46:32.465Z] [DEBUG] Created auth user: ss@a.com
Data: {
  "supabase_id": "e9f5dd5c-5a06-4e4a-861d-c64196e938d9",
  "original_id": "8fbfd11f-c8e5-467c-9233-07738714fd9e",
  "role": "stylist"
}
[2025-08-27T13:46:32.641Z] [DEBUG] Created auth user: sdfsdaff@dfd.fgf
Data: {
  "supabase_id": "258ae496-377b-4bb2-8a23-1a7ff4d1b965",
  "original_id": "90435b4a-151e-4f15-967b-1d44e894edba",
  "role": "stylist"
}
[2025-08-27T13:46:32.818Z] [DEBUG] Created auth user: dsafsdfs@dsf.sf
Data: {
  "supabase_id": "85222452-cb9c-4841-83fd-f08ee05106fa",
  "original_id": "91590c88-7818-4a5b-b6f0-245e37be7f71",
  "role": "stylist"
}
[2025-08-27T13:46:32.992Z] [DEBUG] Created auth user: newsty@example.com
Data: {
  "supabase_id": "fd19662d-c203-4c85-8d55-5b7578ffbb8f",
  "original_id": "938078d7-abd8-4c13-82a9-8c80a5d97572",
  "role": "stylist"
}
[2025-08-27T13:46:33.155Z] [DEBUG] Created auth user: asdd@example.com
Data: {
  "supabase_id": "f6110fe5-0fd3-420c-b5ad-9a0dd1dbf2cd",
  "original_id": "95de3f24-af9b-42ba-b80a-3f7253e18597",
  "role": "stylist"
}
[2025-08-27T13:46:33.329Z] [DEBUG] Created auth user: dessy@xample.com
Data: {
  "supabase_id": "28c5207b-b13e-49a8-a981-c95d3a19fcb4",
  "original_id": "9603d0a1-8781-40d4-94e4-46808f6049ad",
  "role": "stylist"
}
[2025-08-27T13:46:33.503Z] [DEBUG] Created auth user: ten@example.com
Data: {
  "supabase_id": "b1595095-ee50-4ccb-b77a-3fffdd147696",
  "original_id": "962826a1-11b7-4896-aff3-f538ad55ee75",
  "role": "stylist"
}
[2025-08-27T13:46:33.678Z] [DEBUG] Created auth user: taraaa@examplle.com
Data: {
  "supabase_id": "4422bbc3-07cd-44a0-9efb-b1968635ee5a",
  "original_id": "96717e4e-9dc6-4a41-bceb-5e6095856cfe",
  "role": "stylist"
}
[2025-08-27T13:46:33.853Z] [DEBUG] Created auth user: stwo@mailinator.com
Data: {
  "supabase_id": "eaabd21f-8378-4600-b1a1-cf30e312f067",
  "original_id": "9970f5fc-6cf4-4d26-a826-69660c0e32b4",
  "role": "stylist"
}
[2025-08-27T13:46:34.025Z] [DEBUG] Created auth user: erer@example.com
Data: {
  "supabase_id": "d15745b5-733f-4b2a-80f2-12ebd695b73f",
  "original_id": "9cc1dd2e-3faa-4619-b276-0341eb93ec7b",
  "role": "stylist"
}
[2025-08-27T13:46:34.708Z] [DEBUG] Created auth user: s@ss.com
Data: {
  "supabase_id": "f8e80ee7-afc3-4829-ad32-dd4276a99a83",
  "original_id": "9eb27d7d-981c-4ea5-a71e-96b443e16070",
  "role": "stylist"
}
[2025-08-27T13:46:34.884Z] [DEBUG] Created auth user: three@example.com
Data: {
  "supabase_id": "e46c86b0-a785-4b5e-b379-c4c4bf47b9c3",
  "original_id": "9fb5d65f-fb62-4dbb-b75d-0b052859ceae",
  "role": "stylist"
}
[2025-08-27T13:46:35.052Z] [DEBUG] Created auth user: qastylisttest@gmail.com
Data: {
  "supabase_id": "c191efde-33dd-493d-9688-491d835e7789",
  "original_id": "a120d18c-1dc8-4024-b8ca-2a193fb9c18c",
  "role": "stylist"
}
[2025-08-27T13:46:35.228Z] [DEBUG] Created auth user: ss@s.co
Data: {
  "supabase_id": "9c44acb7-5f4f-469c-920d-96496d4424fe",
  "original_id": "a2117615-8624-4d5f-988c-ff30ffe634a6",
  "role": "stylist"
}
[2025-08-27T13:46:35.398Z] [DEBUG] Created auth user: ingeborg2809@gmail.com
Data: {
  "supabase_id": "5e6ae228-a62a-4433-9c98-695a460b84ac",
  "original_id": "a3be8a25-dda6-4406-a4fc-bba604269c38",
  "role": "stylist"
}
[2025-08-27T13:46:35.566Z] [DEBUG] Created auth user: dgfg@example.com
Data: {
  "supabase_id": "30ae23c5-e2c8-4cdb-8501-ccfe34fcfa18",
  "original_id": "a537a7c3-bfc1-4cbd-937b-957dc7be112c",
  "role": "stylist"
}
[2025-08-27T13:46:35.737Z] [DEBUG] Created auth user: r@example.com
Data: {
  "supabase_id": "a0acf6a4-5cc3-40de-94b4-7192f9b55e18",
  "original_id": "a5dcd02c-33da-4592-b46d-62a4f6a5a6ae",
  "role": "stylist"
}
[2025-08-27T13:46:35.914Z] [DEBUG] Created auth user: stylist123@gmail.com
Data: {
  "supabase_id": "7fef3f85-d20a-42ae-a303-b967dddfba95",
  "original_id": "a9450771-beee-43cf-bd42-2013441b4a7b",
  "role": "stylist"
}
[2025-08-27T13:46:36.083Z] [DEBUG] Created auth user: zxc1@example.com
Data: {
  "supabase_id": "c2a18ab1-f0ce-4b5a-9ff4-4cba23caa71a",
  "original_id": "aa4257ac-2803-43f4-b7bd-ea22a58efe7a",
  "role": "stylist"
}
[2025-08-27T13:46:36.259Z] [DEBUG] Created auth user: r@example1.com
Data: {
  "supabase_id": "a0a8ee32-eab4-4330-bf52-c1ec9408d560",
  "original_id": "ab437d74-caa9-4db9-ae02-e515a5713835",
  "role": "stylist"
}
[2025-08-27T13:46:36.953Z] [DEBUG] Created auth user: plot5@example.com
Data: {
  "supabase_id": "6676f042-58c5-4484-a861-75c5ec8f4fc7",
  "original_id": "b040a53a-d527-4b80-bbef-a5741818b6bb",
  "role": "stylist"
}
[2025-08-27T13:46:37.130Z] [DEBUG] Created auth user: stylist3@gmail.com
Data: {
  "supabase_id": "67fd0066-3f10-4e2a-81d2-96c98c161787",
  "original_id": "b0ba535b-793a-4d99-8b58-b75275b97c7e",
  "role": "stylist"
}
[2025-08-27T13:46:37.307Z] [DEBUG] Created auth user: ds@example.com
Data: {
  "supabase_id": "a6db7e2d-2d00-4c69-ad3d-2149ef3602d5",
  "original_id": "b19f2c71-31ab-4b9e-bfd8-571d11020729",
  "role": "stylist"
}
[2025-08-27T13:46:37.482Z] [DEBUG] Created auth user: test@test.ts
Data: {
  "supabase_id": "4afcae8a-cde0-4a89-8d9a-ae7019526612",
  "original_id": "b624c754-584a-4c4c-94c9-9b08db395b77",
  "role": "stylist"
}
[2025-08-27T13:46:37.655Z] [DEBUG] Created auth user: adf@example.com
Data: {
  "supabase_id": "f206271a-97f7-4f18-9085-dd10307e05b6",
  "original_id": "b716fb31-b63f-4e45-b8ed-d9949a9e506d",
  "role": "stylist"
}
[2025-08-27T13:46:37.831Z] [DEBUG] Created auth user: gshreya179@gmail.com
Data: {
  "supabase_id": "82c91b74-ed91-4906-9733-d7797687ed97",
  "original_id": "b8243a28-e417-4208-91bf-ecb494a9b161",
  "role": "stylist"
}
[2025-08-27T13:46:38.003Z] [DEBUG] Created auth user: zz@example.com
Data: {
  "supabase_id": "b6defcca-793e-4152-8bba-ec4b50a34734",
  "original_id": "bfee9db2-f49d-4118-b1bf-845ebabd5538",
  "role": "stylist"
}
[2025-08-27T13:46:38.179Z] [DEBUG] Created auth user: yjbu@example.com
Data: {
  "supabase_id": "bc32268d-fb10-4c45-937b-6deb2353e526",
  "original_id": "bff3b318-3567-4a04-8c62-6eed5b5c9780",
  "role": "stylist"
}
[2025-08-27T13:46:38.348Z] [DEBUG] Created auth user: stylist7@gmail.com
Data: {
  "supabase_id": "1ae48fd1-c626-4a15-8511-92723e62d1c7",
  "original_id": "c026d6b9-7276-4e6f-9a2a-e841528c3cbc",
  "role": "stylist"
}
[2025-08-27T13:46:38.522Z] [DEBUG] Created auth user: s@sa.co
Data: {
  "supabase_id": "ee1c86ed-1e3f-4954-a275-d9ba39865282",
  "original_id": "c0702cfc-50d2-469f-be7c-9c10f06c70e9",
  "role": "stylist"
}
[2025-08-27T13:46:39.216Z] [DEBUG] Created auth user: jhgjb@example.com
Data: {
  "supabase_id": "a846ec13-4083-4594-a132-3270e7cb54e5",
  "original_id": "c2c99863-d29f-4070-a132-b869d171eeae",
  "role": "stylist"
}
[2025-08-27T13:46:39.387Z] [DEBUG] Created auth user: w@k.mj
Data: {
  "supabase_id": "3be54e29-6bf8-4768-99c2-5a0947e79bc0",
  "original_id": "c4742625-d466-4874-973b-ffcd029e43b2",
  "role": "stylist"
}
[2025-08-27T13:46:39.556Z] [DEBUG] Created auth user: ooo@example.com
Data: {
  "supabase_id": "7302133d-33eb-4521-8779-7ac231698968",
  "original_id": "c8ea79f0-fb94-4248-9737-e23a4c076b7b",
  "role": "stylist"
}
[2025-08-27T13:46:39.730Z] [DEBUG] Created auth user: command@mailinator.com
Data: {
  "supabase_id": "2e36c1de-5451-4fb7-9088-7060bb485e4d",
  "original_id": "c992fe43-1d6c-46fe-bbe3-c81064131c27",
  "role": "stylist"
}
[2025-08-27T13:46:39.906Z] [DEBUG] Created auth user: zxc@example.com
Data: {
  "supabase_id": "9dd1f134-00e9-41ca-abd3-094e796f9706",
  "original_id": "ccbf0b8c-4688-4ab7-9129-4bf3e9889551",
  "role": "stylist"
}
[2025-08-27T13:46:40.081Z] [DEBUG] Created auth user: nabosalonstylist@mailinator.com
Data: {
  "supabase_id": "6aca280b-2af3-4c00-aace-d71ef01b34ef",
  "original_id": "ce1530fe-ed00-48ad-af91-2fee3b5ed1a7",
  "role": "stylist"
}
[2025-08-27T13:46:40.245Z] [DEBUG] Created auth user: shymu@mail.com
Data: {
  "supabase_id": "e3f494a3-d902-4e12-a6c9-36c730cb938f",
  "original_id": "ce275f77-8e26-4be1-a373-99f8a118cd74",
  "role": "stylist"
}
[2025-08-27T13:46:40.418Z] [DEBUG] Created auth user: tr@ree.com
Data: {
  "supabase_id": "282a3ec3-7bd1-4b3e-b47a-b0470450977f",
  "original_id": "ce864bfd-e90e-4658-997e-534c4ffa4dbe",
  "role": "stylist"
}
[2025-08-27T13:46:40.594Z] [DEBUG] Created auth user: sfive@example.com
Data: {
  "supabase_id": "a289e58d-23e9-4e5c-aa5e-df51efcd6b53",
  "original_id": "cecf2d34-6486-49c1-bc49-7a2929b9ff47",
  "role": "stylist"
}
[2025-08-27T13:46:40.768Z] [DEBUG] Created auth user: asd@example.com
Data: {
  "supabase_id": "880d64b4-02ce-4f8a-a816-b83402045961",
  "original_id": "d124bc51-f1a7-4603-bca3-2ba41dd7311f",
  "role": "stylist"
}
[2025-08-27T13:46:41.461Z] [DEBUG] Created auth user: ssfour@mailinator.com
Data: {
  "supabase_id": "038cc65a-b20c-401a-9c45-527ffdd2e72f",
  "original_id": "d1bc40ff-6c36-4295-8917-0d40dd18068b",
  "role": "stylist"
}
[2025-08-27T13:46:41.636Z] [DEBUG] Created auth user: stylist12@gmail.com
Data: {
  "supabase_id": "5325a853-7c14-4f92-9760-3c51e1d547a3",
  "original_id": "d2212848-50ba-421d-a3a8-61c39d610672",
  "role": "stylist"
}
[2025-08-27T13:46:41.815Z] [DEBUG] Created auth user: aaaa@example.com
Data: {
  "supabase_id": "ed55251b-ede0-4e64-b22f-b90b56c4f5cd",
  "original_id": "d24297a0-e8ca-486a-a0d6-54a06bb1d8d4",
  "role": "stylist"
}
[2025-08-27T13:46:41.989Z] [DEBUG] Created auth user: d@ds.cc
Data: {
  "supabase_id": "aa8dd940-fd96-46f6-9aac-2306a608d5a1",
  "original_id": "d4a042b9-4e8e-48c9-ab54-cea4b22a9a06",
  "role": "stylist"
}
[2025-08-27T13:46:42.163Z] [DEBUG] Created auth user: rahul@ymirlabs.com
Data: {
  "supabase_id": "00cef5d2-e223-4233-b927-3a76552c3ca3",
  "original_id": "d5fc6b61-84e9-4c7d-a861-4d1f0b0a11b9",
  "role": "stylist"
}
[2025-08-27T13:46:42.339Z] [DEBUG] Created auth user: a@a.com
Data: {
  "supabase_id": "21bc14b5-72d6-4f60-bdab-9417db30b7da",
  "original_id": "d63d31c8-b589-454f-89d9-ba56d576f46b",
  "role": "stylist"
}
[2025-08-27T13:46:42.515Z] [DEBUG] Created auth user: qwewqe@example.com
Data: {
  "supabase_id": "d7640a6a-ddad-4c10-a9d2-b46051d9bcac",
  "original_id": "d6d934b2-5a96-4232-88c0-d2c313ed44b5",
  "role": "stylist"
}
[2025-08-27T13:46:42.692Z] [DEBUG] Created auth user: testSty1@example.com
Data: {
  "supabase_id": "d18da7b2-ed4d-4743-851a-aa34ee7b6903",
  "original_id": "dcb9f6f7-3cdd-4c25-be33-2d5316155971",
  "role": "stylist"
}
[2025-08-27T13:46:42.870Z] [DEBUG] Created auth user: htfvyj@examplle.com
Data: {
  "supabase_id": "4693800e-0325-4672-85e9-41bc5c40e98a",
  "original_id": "de6cbc6d-732c-402e-931c-c96395f15093",
  "role": "stylist"
}
[2025-08-27T13:46:43.047Z] [DEBUG] Created auth user: gt@g.bm
Data: {
  "supabase_id": "0dc5c8d4-d48a-4c25-8768-63ad1fadb43c",
  "original_id": "dfa9ea2b-a22a-45f4-a1d0-dc05bfab7fa8",
  "role": "stylist"
}
[2025-08-27T13:46:43.744Z] [DEBUG] Created auth user: abc@axyz.com
Data: {
  "supabase_id": "8ad91315-23af-4b4d-b8e5-17916fec1a46",
  "original_id": "e054eb95-cdd3-4f5f-9d08-f35114f1aeb6",
  "role": "stylist"
}
[2025-08-27T13:46:43.921Z] [DEBUG] Created auth user: s@sc.cm
Data: {
  "supabase_id": "bc34bfff-5969-469a-8e6a-7853bc4d47c6",
  "original_id": "e1510117-43a8-409f-936a-f52d6e18cda2",
  "role": "stylist"
}
[2025-08-27T13:46:44.099Z] [DEBUG] Created auth user: stylist11@gmail.com
Data: {
  "supabase_id": "2ac2ee28-142b-4fa5-b0da-dd2119bc9c24",
  "original_id": "e2cb1aee-8c59-4ad4-a539-350926c956f7",
  "role": "stylist"
}
[2025-08-27T13:46:44.276Z] [DEBUG] Created auth user: stylistseven@mailinator.com
Data: {
  "supabase_id": "affe294e-dd3e-42f5-b4dc-ab97aee91f53",
  "original_id": "e40d7a96-25a6-49aa-878e-fd0ca0389561",
  "role": "stylist"
}
[2025-08-27T13:46:44.452Z] [DEBUG] Created auth user: twelve@example.com
Data: {
  "supabase_id": "f33af650-bd81-4958-b177-139f6cb3d6cb",
  "original_id": "e49c5e7b-c236-4d9e-917a-25f597b6101e",
  "role": "stylist"
}
[2025-08-27T13:46:44.628Z] [DEBUG] Created auth user: q@example.com
Data: {
  "supabase_id": "0a7c572c-5e98-4c02-8c64-23b5581fd4c1",
  "original_id": "e6c0b30e-78c2-4827-8dd7-f306536159f4",
  "role": "stylist"
}
[2025-08-27T13:46:44.800Z] [DEBUG] Created auth user: dfd@sw.co
Data: {
  "supabase_id": "353a0f46-dddf-47d6-a595-0ee91731c006",
  "original_id": "e83cfdda-2c92-4bf3-9a8a-f10670df7523",
  "role": "stylist"
}
[2025-08-27T13:46:44.973Z] [DEBUG] Created auth user: test21@gmail.com
Data: {
  "supabase_id": "f5fec3eb-d506-4fbd-ab82-1ded7ed88e43",
  "original_id": "e83fde99-9686-43d2-85e0-4806630173b4",
  "role": "stylist"
}
[2025-08-27T13:46:45.146Z] [DEBUG] Created auth user: four@example.com
Data: {
  "supabase_id": "3bbdfa48-40fe-4105-8197-304ebc0cd8fd",
  "original_id": "e86770d7-a505-437c-8ffa-2b413357f29d",
  "role": "stylist"
}
[2025-08-27T13:46:45.326Z] [DEBUG] Created auth user: stylist1@gmail.com
Data: {
  "supabase_id": "29d41fac-1047-4382-8d97-0f2eef0c0bbf",
  "original_id": "e9502ef9-ce05-4ee5-807a-1d09495501fa",
  "role": "stylist"
}
[2025-08-27T13:46:46.017Z] [DEBUG] Created auth user: test123@gmail.com
Data: {
  "supabase_id": "9227d65e-3594-466b-8560-f046b291461c",
  "original_id": "eaab1338-2114-4d7e-9306-efc2bbc3968a",
  "role": "stylist"
}
[2025-08-27T13:46:46.194Z] [DEBUG] Created auth user: sd@exm.com
Data: {
  "supabase_id": "7ead844e-3b8c-4043-b3bb-73d146d7ba05",
  "original_id": "eae82fa5-b980-417f-8baf-e3f1ee1920a2",
  "role": "stylist"
}
[2025-08-27T13:46:46.370Z] [DEBUG] Created auth user: asdfsfadsfsd@sfesdfs.fdd
Data: {
  "supabase_id": "311eb742-ae37-4199-8ff8-06c431c11ded",
  "original_id": "ed152c1c-f083-4595-8b9d-2e056be88f00",
  "role": "stylist"
}
[2025-08-27T13:46:46.544Z] [DEBUG] Created auth user: ddd@example.com
Data: {
  "supabase_id": "bdc469e9-6c98-4060-b6f9-f228ad185c11",
  "original_id": "ee3644da-2aed-4a43-a1be-6d878c7e0309",
  "role": "stylist"
}
[2025-08-27T13:46:46.718Z] [DEBUG] Created auth user: stylist6@gmail.com
Data: {
  "supabase_id": "94c571c4-9113-4c36-8fc4-10c14193285e",
  "original_id": "effad59f-5961-4cd8-b9a9-27e7a3e42c30",
  "role": "stylist"
}
[2025-08-27T13:46:46.891Z] [DEBUG] Created auth user: renuka@ymirlabs.com
Data: {
  "supabase_id": "965cb329-4d65-477e-a44b-19929ada382c",
  "original_id": "f04a144c-05c3-4446-9d7b-0a7ea4f8e783",
  "role": "stylist"
}
[2025-08-27T13:46:47.066Z] [DEBUG] Created auth user: stylist2@gmail.com
Data: {
  "supabase_id": "46b57194-8aba-46c3-ba14-2fb41fde042b",
  "original_id": "f18e0917-0317-4d0f-8b5a-6c139b3f08fc",
  "role": "stylist"
}
[2025-08-27T13:46:47.234Z] [DEBUG] Created auth user: adt@example.com
Data: {
  "supabase_id": "f5493bd0-240d-4205-8029-f7ca22697f9c",
  "original_id": "f1fef71d-d4f8-4aeb-b3c4-125e31edc6fb",
  "role": "stylist"
}
[2025-08-27T13:46:47.406Z] [DEBUG] Created auth user: efsdfsdf@edsf.dfd
Data: {
  "supabase_id": "dc689f16-18ee-43c6-bcee-343952d489a2",
  "original_id": "f6ba7b8b-0f5b-4afe-8071-c26b3ef614af",
  "role": "stylist"
}
[2025-08-27T13:46:47.575Z] [DEBUG] Created auth user: mail@mailinator.com
Data: {
  "supabase_id": "c01d02c0-625f-4dec-a0c8-dc138a3e9582",
  "original_id": "f79df5d4-b5f2-4875-8a1a-871fe7279aa7",
  "role": "stylist"
}
[2025-08-27T13:46:48.268Z] [DEBUG] Created auth user: qqaq@example.com
Data: {
  "supabase_id": "a3101a2a-9ac4-4c9a-8485-fae792d4d46e",
  "original_id": "f8d2ef1b-4a03-4f71-871d-cdf1a9baa264",
  "role": "stylist"
}
[2025-08-27T13:46:48.447Z] [DEBUG] Created auth user: test@ex.com
Data: {
  "supabase_id": "fefc933f-737c-4bd4-ae07-dbaf21c74241",
  "original_id": "f9502471-b675-4bcb-802d-b533f0671623",
  "role": "stylist"
}
[2025-08-27T13:46:48.620Z] [DEBUG] Created auth user: testymirqa@gmail.com
Data: {
  "supabase_id": "9b4d64ee-cad7-4a41-9f7d-e9b1b577f6e2",
  "original_id": "f9b45578-c5dd-4d99-92b4-34f75a3fec0a",
  "role": "stylist"
}
[2025-08-27T13:46:48.797Z] [DEBUG] Created auth user: philip.cylo@gmail.com
Data: {
  "supabase_id": "14a1d042-4a58-4837-8d6b-27515eba5c77",
  "original_id": "fa61a57d-52bb-4c18-925f-b43e6c6f4dec",
  "role": "stylist"
}
[2025-08-27T13:46:48.972Z] [DEBUG] Created auth user: jninm@example.com
Data: {
  "supabase_id": "8db48909-1cdc-486e-a11c-1a5b6ddb62fb",
  "original_id": "fcbf670c-5c8f-45a8-87ab-832789041a1c",
  "role": "stylist"
}
[2025-08-27T13:46:49.145Z] [DEBUG] Created auth user: kuhlni@example.com
Data: {
  "supabase_id": "81d3cf06-bc08-420b-8416-c3ec8db219bf",
  "original_id": "fda3a42e-1963-4cb4-81e3-cda5e759a1a3",
  "role": "stylist"
}
[2025-08-27T13:46:49.322Z] [DEBUG] Created auth user: test@bh.com
Data: {
  "supabase_id": "7232dd38-1ab5-46c3-b1f8-44d81d6a8509",
  "original_id": "ffcbe12d-982a-43d0-bfe5-b95d5c2e2812",
  "role": "stylist"
}
[2025-08-27T13:52:02.446Z] [DEBUG] Successfully created batch 1/4: 50 stylist details
[2025-08-27T13:52:02.761Z] [DEBUG] Successfully created batch 2/4: 50 stylist details
[2025-08-27T13:52:03.073Z] [DEBUG] Successfully created batch 3/4: 50 stylist details
[2025-08-27T13:52:03.388Z] [DEBUG] Successfully created batch 4/4: 20 stylist details
