[2025-08-27T13:45:11.118Z] [PROGRESS] Phase 1 Step 2 - Creating Auth Users: [░░░░░░░░░░░░░░░░░░░░] 2% (10/437)
[2025-08-27T13:45:13.385Z] [PROGRESS] Phase 1 Step 2 - Creating Auth Users: [█░░░░░░░░░░░░░░░░░░░] 5% (20/437)
[2025-08-27T13:45:15.646Z] [PROGRESS] Phase 1 Step 2 - Creating Auth Users: [█░░░░░░░░░░░░░░░░░░░] 7% (30/437)
[2025-08-27T13:45:17.890Z] [PROGRESS] Phase 1 Step 2 - Creating Auth Users: [█░░░░░░░░░░░░░░░░░░░] 9% (40/437)
[2025-08-27T13:45:20.156Z] [PROGRESS] Phase 1 Step 2 - Creating Auth Users: [██░░░░░░░░░░░░░░░░░░] 11% (50/437)
[2025-08-27T13:45:22.401Z] [PROGRESS] Phase 1 Step 2 - Creating Auth Users: [██░░░░░░░░░░░░░░░░░░] 14% (60/437)
[2025-08-27T13:45:24.665Z] [PROGRESS] Phase 1 Step 2 - Creating Auth Users: [███░░░░░░░░░░░░░░░░░] 16% (70/437)
[2025-08-27T13:45:26.912Z] [PROGRESS] Phase 1 Step 2 - Creating Auth Users: [███░░░░░░░░░░░░░░░░░] 18% (80/437)
[2025-08-27T13:45:29.171Z] [PROGRESS] Phase 1 Step 2 - Creating Auth Users: [████░░░░░░░░░░░░░░░░] 21% (90/437)
[2025-08-27T13:45:31.437Z] [PROGRESS] Phase 1 Step 2 - Creating Auth Users: [████░░░░░░░░░░░░░░░░] 23% (100/437)
[2025-08-27T13:45:33.720Z] [PROGRESS] Phase 1 Step 2 - Creating Auth Users: [█████░░░░░░░░░░░░░░░] 25% (110/437)
[2025-08-27T13:45:35.962Z] [PROGRESS] Phase 1 Step 2 - Creating Auth Users: [█████░░░░░░░░░░░░░░░] 27% (120/437)
[2025-08-27T13:45:38.231Z] [PROGRESS] Phase 1 Step 2 - Creating Auth Users: [██████░░░░░░░░░░░░░░] 30% (130/437)
[2025-08-27T13:45:40.494Z] [PROGRESS] Phase 1 Step 2 - Creating Auth Users: [██████░░░░░░░░░░░░░░] 32% (140/437)
[2025-08-27T13:45:42.758Z] [PROGRESS] Phase 1 Step 2 - Creating Auth Users: [██████░░░░░░░░░░░░░░] 34% (150/437)
[2025-08-27T13:45:45.001Z] [PROGRESS] Phase 1 Step 2 - Creating Auth Users: [███████░░░░░░░░░░░░░] 37% (160/437)
[2025-08-27T13:45:47.234Z] [PROGRESS] Phase 1 Step 2 - Creating Auth Users: [███████░░░░░░░░░░░░░] 39% (170/437)
[2025-08-27T13:45:49.498Z] [PROGRESS] Phase 1 Step 2 - Creating Auth Users: [████████░░░░░░░░░░░░] 41% (180/437)
[2025-08-27T13:45:51.741Z] [PROGRESS] Phase 1 Step 2 - Creating Auth Users: [████████░░░░░░░░░░░░] 43% (190/437)
[2025-08-27T13:45:53.998Z] [PROGRESS] Phase 1 Step 2 - Creating Auth Users: [█████████░░░░░░░░░░░] 46% (200/437)
[2025-08-27T13:45:56.238Z] [PROGRESS] Phase 1 Step 2 - Creating Auth Users: [█████████░░░░░░░░░░░] 48% (210/437)
[2025-08-27T13:45:58.497Z] [PROGRESS] Phase 1 Step 2 - Creating Auth Users: [██████████░░░░░░░░░░] 50% (220/437)
[2025-08-27T13:46:00.743Z] [PROGRESS] Phase 1 Step 2 - Creating Auth Users: [██████████░░░░░░░░░░] 53% (230/437)
[2025-08-27T13:46:03.017Z] [PROGRESS] Phase 1 Step 2 - Creating Auth Users: [███████████░░░░░░░░░] 55% (240/437)
[2025-08-27T13:46:05.279Z] [PROGRESS] Phase 1 Step 2 - Creating Auth Users: [███████████░░░░░░░░░] 57% (250/437)
[2025-08-27T13:46:07.532Z] [PROGRESS] Phase 1 Step 2 - Creating Auth Users: [███████████░░░░░░░░░] 59% (260/437)
[2025-08-27T13:46:09.784Z] [PROGRESS] Phase 1 Step 2 - Creating Auth Users: [████████████░░░░░░░░] 62% (270/437)
[2025-08-27T13:46:12.033Z] [PROGRESS] Phase 1 Step 2 - Creating Auth Users: [████████████░░░░░░░░] 64% (280/437)
[2025-08-27T13:46:14.291Z] [PROGRESS] Phase 1 Step 2 - Creating Auth Users: [█████████████░░░░░░░] 66% (290/437)
[2025-08-27T13:46:16.548Z] [PROGRESS] Phase 1 Step 2 - Creating Auth Users: [█████████████░░░░░░░] 69% (300/437)
[2025-08-27T13:46:18.815Z] [PROGRESS] Phase 1 Step 2 - Creating Auth Users: [██████████████░░░░░░] 71% (310/437)
[2025-08-27T13:46:21.070Z] [PROGRESS] Phase 1 Step 2 - Creating Auth Users: [██████████████░░░░░░] 73% (320/437)
[2025-08-27T13:46:23.337Z] [PROGRESS] Phase 1 Step 2 - Creating Auth Users: [███████████████░░░░░] 76% (330/437)
[2025-08-27T13:46:25.612Z] [PROGRESS] Phase 1 Step 2 - Creating Auth Users: [███████████████░░░░░] 78% (340/437)
[2025-08-27T13:46:27.869Z] [PROGRESS] Phase 1 Step 2 - Creating Auth Users: [████████████████░░░░] 80% (350/437)
[2025-08-27T13:46:30.137Z] [PROGRESS] Phase 1 Step 2 - Creating Auth Users: [████████████████░░░░] 82% (360/437)
[2025-08-27T13:46:32.373Z] [PROGRESS] Phase 1 Step 2 - Creating Auth Users: [█████████████████░░░] 85% (370/437)
[2025-08-27T13:46:34.628Z] [PROGRESS] Phase 1 Step 2 - Creating Auth Users: [█████████████████░░░] 87% (380/437)
[2025-08-27T13:46:36.862Z] [PROGRESS] Phase 1 Step 2 - Creating Auth Users: [█████████████████░░░] 89% (390/437)
[2025-08-27T13:46:39.126Z] [PROGRESS] Phase 1 Step 2 - Creating Auth Users: [██████████████████░░] 92% (400/437)
[2025-08-27T13:46:41.371Z] [PROGRESS] Phase 1 Step 2 - Creating Auth Users: [██████████████████░░] 94% (410/437)
[2025-08-27T13:46:43.651Z] [PROGRESS] Phase 1 Step 2 - Creating Auth Users: [███████████████████░] 96% (420/437)
[2025-08-27T13:46:45.929Z] [PROGRESS] Phase 1 Step 2 - Creating Auth Users: [███████████████████░] 98% (430/437)
[2025-08-27T13:46:48.179Z] [PROGRESS] Phase 1 Step 2 - Creating Auth Users: [████████████████████] 100% (437/437)
[2025-08-27T13:46:49.997Z] [PROGRESS] Phase 1 Step 3 - Creating Profiles: [██░░░░░░░░░░░░░░░░░░] 11% (50/437)
[2025-08-27T13:46:50.369Z] [PROGRESS] Phase 1 Step 3 - Creating Profiles: [████░░░░░░░░░░░░░░░░] 23% (100/437)
[2025-08-27T13:46:50.737Z] [PROGRESS] Phase 1 Step 3 - Creating Profiles: [██████░░░░░░░░░░░░░░] 34% (150/437)
[2025-08-27T13:46:51.132Z] [PROGRESS] Phase 1 Step 3 - Creating Profiles: [█████████░░░░░░░░░░░] 46% (200/437)
[2025-08-27T13:46:51.501Z] [PROGRESS] Phase 1 Step 3 - Creating Profiles: [███████████░░░░░░░░░] 57% (250/437)
[2025-08-27T13:46:51.860Z] [PROGRESS] Phase 1 Step 3 - Creating Profiles: [█████████████░░░░░░░] 69% (300/437)
[2025-08-27T13:46:52.244Z] [PROGRESS] Phase 1 Step 3 - Creating Profiles: [████████████████░░░░] 80% (350/437)
[2025-08-27T13:46:52.624Z] [PROGRESS] Phase 1 Step 3 - Creating Profiles: [██████████████████░░] 92% (400/437)
[2025-08-27T13:46:53.020Z] [PROGRESS] Phase 1 Step 3 - Creating Profiles: [████████████████████] 100% (437/437)
[2025-08-27T13:52:02.338Z] [PROGRESS] Phase 1 Step 4 - Creating Stylist Details: [█████░░░░░░░░░░░░░░░] 29% (50/170)
[2025-08-27T13:52:02.648Z] [PROGRESS] Phase 1 Step 4 - Creating Stylist Details: [███████████░░░░░░░░░] 59% (100/170)
[2025-08-27T13:52:02.964Z] [PROGRESS] Phase 1 Step 4 - Creating Stylist Details: [█████████████████░░░] 88% (150/170)
[2025-08-27T13:52:03.276Z] [PROGRESS] Phase 1 Step 4 - Creating Stylist Details: [████████████████████] 100% (170/170)
[2025-08-27T13:52:22.102Z] [PROGRESS] Phase 1 Step 5 - Creating User Preferences: [████░░░░░░░░░░░░░░░░] 23% (100/437)
[2025-08-27T13:52:22.432Z] [PROGRESS] Phase 1 Step 5 - Creating User Preferences: [█████████░░░░░░░░░░░] 46% (200/437)
[2025-08-27T13:52:22.772Z] [PROGRESS] Phase 1 Step 5 - Creating User Preferences: [█████████████░░░░░░░] 69% (300/437)
[2025-08-27T13:52:23.119Z] [PROGRESS] Phase 1 Step 5 - Creating User Preferences: [██████████████████░░] 92% (400/437)
[2025-08-27T13:52:23.426Z] [PROGRESS] Phase 1 Step 5 - Creating User Preferences: [████████████████████] 100% (437/437)
