[2025-08-27T14:24:45.144Z] [ERROR] ❌ Failed to create subcategory balayage: insert or update on table "service_categories" violates foreign key constraint "service_categories_parent_category_id_fkey"
[2025-08-27T14:24:45.153Z] [ERROR] ❌ Failed to create subcategory halloween makeup: insert or update on table "service_categories" violates foreign key constraint "service_categories_parent_category_id_fkey"
[2025-08-27T14:24:45.161Z] [ERROR] ❌ Failed to create subcategory pedicure: insert or update on table "service_categories" violates foreign key constraint "service_categories_parent_category_id_fkey"
[2025-08-27T14:24:45.163Z] [ERROR] ❌ Failed to create subcategory lash lift: insert or update on table "service_categories" violates foreign key constraint "service_categories_parent_category_id_fkey"
[2025-08-27T14:24:45.165Z] [ERROR] ❌ Failed to create subcategory colouring lashes: insert or update on table "service_categories" violates foreign key constraint "service_categories_parent_category_id_fkey"
[2025-08-27T14:24:45.166Z] [ERROR] ❌ Failed to create subcategory bridal makeup: insert or update on table "service_categories" violates foreign key constraint "service_categories_parent_category_id_fkey"
[2025-08-27T14:24:45.167Z] [ERROR] ❌ Failed to create subcategory natural makeup: insert or update on table "service_categories" violates foreign key constraint "service_categories_parent_category_id_fkey"
[2025-08-27T14:24:45.168Z] [ERROR] ❌ Failed to create subcategory bridal hair: insert or update on table "service_categories" violates foreign key constraint "service_categories_parent_category_id_fkey"
[2025-08-27T14:24:45.169Z] [ERROR] ❌ Failed to create subcategory haircut: insert or update on table "service_categories" violates foreign key constraint "service_categories_parent_category_id_fkey"
[2025-08-27T14:24:45.171Z] [ERROR] ❌ Failed to create subcategory extentions refill: insert or update on table "service_categories" violates foreign key constraint "service_categories_parent_category_id_fkey"
[2025-08-27T14:24:45.172Z] [ERROR] ❌ Failed to create subcategory false lashes: insert or update on table "service_categories" violates foreign key constraint "service_categories_parent_category_id_fkey"
[2025-08-27T14:24:45.173Z] [ERROR] ❌ Failed to create subcategory fluffy brows makeup: insert or update on table "service_categories" violates foreign key constraint "service_categories_parent_category_id_fkey"
[2025-08-27T14:24:45.174Z] [ERROR] ❌ Failed to create subcategory permanent brow (powder eyebrow): insert or update on table "service_categories" violates foreign key constraint "service_categories_parent_category_id_fkey"
[2025-08-27T14:24:45.175Z] [ERROR] ❌ Failed to create subcategory browlift: insert or update on table "service_categories" violates foreign key constraint "service_categories_parent_category_id_fkey"
[2025-08-27T14:24:45.176Z] [ERROR] ❌ Failed to create subcategory removing/fixing: insert or update on table "service_categories" violates foreign key constraint "service_categories_parent_category_id_fkey"
[2025-08-27T14:24:45.177Z] [ERROR] ❌ Failed to create subcategory ombre: insert or update on table "service_categories" violates foreign key constraint "service_categories_parent_category_id_fkey"
[2025-08-27T14:24:45.178Z] [ERROR] ❌ Failed to create subcategory Soft Gel extentions nytt sett fransk manikyr: insert or update on table "service_categories" violates foreign key constraint "service_categories_parent_category_id_fkey"
[2025-08-27T14:24:45.179Z] [ERROR] ❌ Failed to create subcategory hair colouring: insert or update on table "service_categories" violates foreign key constraint "service_categories_parent_category_id_fkey"
[2025-08-27T14:24:45.180Z] [ERROR] ❌ Failed to create subcategory manscaping: insert or update on table "service_categories" violates foreign key constraint "service_categories_parent_category_id_fkey"
[2025-08-27T14:24:45.181Z] [ERROR] ❌ Failed to create subcategory keratin treatment: insert or update on table "service_categories" violates foreign key constraint "service_categories_parent_category_id_fkey"
[2025-08-27T14:24:45.183Z] [ERROR] ❌ Failed to create subcategory anti permanent: insert or update on table "service_categories" violates foreign key constraint "service_categories_parent_category_id_fkey"
[2025-08-27T14:24:45.184Z] [ERROR] ❌ Failed to create subcategory party makeup: insert or update on table "service_categories" violates foreign key constraint "service_categories_parent_category_id_fkey"
[2025-08-27T14:24:45.185Z] [ERROR] ❌ Failed to create subcategory bleaching: insert or update on table "service_categories" violates foreign key constraint "service_categories_parent_category_id_fkey"
[2025-08-27T14:24:45.186Z] [ERROR] ❌ Failed to create subcategory highlights: insert or update on table "service_categories" violates foreign key constraint "service_categories_parent_category_id_fkey"
[2025-08-27T14:24:45.186Z] [ERROR] ❌ Failed to create subcategory colouring brows w/ bleach: insert or update on table "service_categories" violates foreign key constraint "service_categories_parent_category_id_fkey"
[2025-08-27T14:24:45.187Z] [ERROR] ❌ Failed to create subcategory shellac nails: insert or update on table "service_categories" violates foreign key constraint "service_categories_parent_category_id_fkey"
[2025-08-27T14:24:45.188Z] [ERROR] ❌ Failed to create subcategory browlamination: insert or update on table "service_categories" violates foreign key constraint "service_categories_parent_category_id_fkey"
[2025-08-27T14:24:45.189Z] [ERROR] ❌ Failed to create subcategory haircut bangs: insert or update on table "service_categories" violates foreign key constraint "service_categories_parent_category_id_fkey"
[2025-08-27T14:24:45.190Z] [ERROR] ❌ Failed to create subcategory full cover makeup: insert or update on table "service_categories" violates foreign key constraint "service_categories_parent_category_id_fkey"
[2025-08-27T14:24:45.191Z] [ERROR] ❌ Failed to create subcategory extentions classic: insert or update on table "service_categories" violates foreign key constraint "service_categories_parent_category_id_fkey"
[2025-08-27T14:24:45.192Z] [ERROR] ❌ Failed to create subcategory treatments (hairmasks etc): insert or update on table "service_categories" violates foreign key constraint "service_categories_parent_category_id_fkey"
[2025-08-27T14:24:45.194Z] [ERROR] ❌ Failed to create subcategory glowy makeup: insert or update on table "service_categories" violates foreign key constraint "service_categories_parent_category_id_fkey"
[2025-08-27T14:24:45.195Z] [ERROR] ❌ Failed to create subcategory extentions volume: insert or update on table "service_categories" violates foreign key constraint "service_categories_parent_category_id_fkey"
[2025-08-27T14:24:45.196Z] [ERROR] ❌ Failed to create subcategory hairstyling: insert or update on table "service_categories" violates foreign key constraint "service_categories_parent_category_id_fkey"
[2025-08-27T14:24:45.197Z] [ERROR] ❌ Failed to create subcategory shaping brows: insert or update on table "service_categories" violates foreign key constraint "service_categories_parent_category_id_fkey"
[2025-08-27T14:24:45.198Z] [ERROR] ❌ Failed to create subcategory extentions removing: insert or update on table "service_categories" violates foreign key constraint "service_categories_parent_category_id_fkey"
[2025-08-27T14:24:45.198Z] [ERROR] ❌ Failed to create subcategory french manicure: insert or update on table "service_categories" violates foreign key constraint "service_categories_parent_category_id_fkey"
[2025-08-27T14:24:45.199Z] [ERROR] ❌ Failed to create subcategory extentions mega volume: insert or update on table "service_categories" violates foreign key constraint "service_categories_parent_category_id_fkey"
[2025-08-27T14:24:45.200Z] [ERROR] ❌ Failed to create subcategory classic manicure: insert or update on table "service_categories" violates foreign key constraint "service_categories_parent_category_id_fkey"
[2025-08-27T18:48:58.552Z] [ERROR] ❌ Failed to create subcategory balayage: insert or update on table "service_categories" violates foreign key constraint "service_categories_parent_category_id_fkey"
[2025-08-27T18:48:58.553Z] [ERROR] ❌ Failed to create subcategory halloween makeup: insert or update on table "service_categories" violates foreign key constraint "service_categories_parent_category_id_fkey"
[2025-08-27T18:48:58.555Z] [ERROR] ❌ Failed to create subcategory pedicure: insert or update on table "service_categories" violates foreign key constraint "service_categories_parent_category_id_fkey"
[2025-08-27T18:48:58.556Z] [ERROR] ❌ Failed to create subcategory lash lift: insert or update on table "service_categories" violates foreign key constraint "service_categories_parent_category_id_fkey"
[2025-08-27T18:48:58.557Z] [ERROR] ❌ Failed to create subcategory colouring lashes: insert or update on table "service_categories" violates foreign key constraint "service_categories_parent_category_id_fkey"
[2025-08-27T18:48:58.558Z] [ERROR] ❌ Failed to create subcategory bridal makeup: insert or update on table "service_categories" violates foreign key constraint "service_categories_parent_category_id_fkey"
[2025-08-27T18:48:58.559Z] [ERROR] ❌ Failed to create subcategory natural makeup: insert or update on table "service_categories" violates foreign key constraint "service_categories_parent_category_id_fkey"
[2025-08-27T18:48:58.560Z] [ERROR] ❌ Failed to create subcategory bridal hair: insert or update on table "service_categories" violates foreign key constraint "service_categories_parent_category_id_fkey"
[2025-08-27T18:48:58.561Z] [ERROR] ❌ Failed to create subcategory haircut: insert or update on table "service_categories" violates foreign key constraint "service_categories_parent_category_id_fkey"
[2025-08-27T18:48:58.562Z] [ERROR] ❌ Failed to create subcategory extentions refill: insert or update on table "service_categories" violates foreign key constraint "service_categories_parent_category_id_fkey"
[2025-08-27T18:48:58.563Z] [ERROR] ❌ Failed to create subcategory false lashes: insert or update on table "service_categories" violates foreign key constraint "service_categories_parent_category_id_fkey"
[2025-08-27T18:48:58.564Z] [ERROR] ❌ Failed to create subcategory fluffy brows makeup: insert or update on table "service_categories" violates foreign key constraint "service_categories_parent_category_id_fkey"
[2025-08-27T18:48:58.565Z] [ERROR] ❌ Failed to create subcategory permanent brow (powder eyebrow): insert or update on table "service_categories" violates foreign key constraint "service_categories_parent_category_id_fkey"
[2025-08-27T18:48:58.566Z] [ERROR] ❌ Failed to create subcategory browlift: insert or update on table "service_categories" violates foreign key constraint "service_categories_parent_category_id_fkey"
[2025-08-27T18:48:58.567Z] [ERROR] ❌ Failed to create subcategory removing/fixing: insert or update on table "service_categories" violates foreign key constraint "service_categories_parent_category_id_fkey"
[2025-08-27T18:48:58.568Z] [ERROR] ❌ Failed to create subcategory ombre: insert or update on table "service_categories" violates foreign key constraint "service_categories_parent_category_id_fkey"
[2025-08-27T18:48:58.568Z] [ERROR] ❌ Failed to create subcategory Soft Gel extentions nytt sett fransk manikyr: insert or update on table "service_categories" violates foreign key constraint "service_categories_parent_category_id_fkey"
[2025-08-27T18:48:58.569Z] [ERROR] ❌ Failed to create subcategory hair colouring: insert or update on table "service_categories" violates foreign key constraint "service_categories_parent_category_id_fkey"
[2025-08-27T18:48:58.571Z] [ERROR] ❌ Failed to create subcategory manscaping: insert or update on table "service_categories" violates foreign key constraint "service_categories_parent_category_id_fkey"
[2025-08-27T18:48:58.572Z] [ERROR] ❌ Failed to create subcategory keratin treatment: insert or update on table "service_categories" violates foreign key constraint "service_categories_parent_category_id_fkey"
[2025-08-27T18:48:58.573Z] [ERROR] ❌ Failed to create subcategory anti permanent: insert or update on table "service_categories" violates foreign key constraint "service_categories_parent_category_id_fkey"
[2025-08-27T18:48:58.574Z] [ERROR] ❌ Failed to create subcategory party makeup: insert or update on table "service_categories" violates foreign key constraint "service_categories_parent_category_id_fkey"
[2025-08-27T18:48:58.575Z] [ERROR] ❌ Failed to create subcategory bleaching: insert or update on table "service_categories" violates foreign key constraint "service_categories_parent_category_id_fkey"
[2025-08-27T18:48:58.576Z] [ERROR] ❌ Failed to create subcategory highlights: insert or update on table "service_categories" violates foreign key constraint "service_categories_parent_category_id_fkey"
[2025-08-27T18:48:58.577Z] [ERROR] ❌ Failed to create subcategory colouring brows w/ bleach: insert or update on table "service_categories" violates foreign key constraint "service_categories_parent_category_id_fkey"
[2025-08-27T18:48:58.577Z] [ERROR] ❌ Failed to create subcategory shellac nails: insert or update on table "service_categories" violates foreign key constraint "service_categories_parent_category_id_fkey"
[2025-08-27T18:48:58.578Z] [ERROR] ❌ Failed to create subcategory browlamination: insert or update on table "service_categories" violates foreign key constraint "service_categories_parent_category_id_fkey"
[2025-08-27T18:48:58.579Z] [ERROR] ❌ Failed to create subcategory haircut bangs: insert or update on table "service_categories" violates foreign key constraint "service_categories_parent_category_id_fkey"
[2025-08-27T18:48:58.580Z] [ERROR] ❌ Failed to create subcategory full cover makeup: insert or update on table "service_categories" violates foreign key constraint "service_categories_parent_category_id_fkey"
[2025-08-27T18:48:58.581Z] [ERROR] ❌ Failed to create subcategory extentions classic: insert or update on table "service_categories" violates foreign key constraint "service_categories_parent_category_id_fkey"
[2025-08-27T18:48:58.582Z] [ERROR] ❌ Failed to create subcategory treatments (hairmasks etc): insert or update on table "service_categories" violates foreign key constraint "service_categories_parent_category_id_fkey"
[2025-08-27T18:48:58.583Z] [ERROR] ❌ Failed to create subcategory glowy makeup: insert or update on table "service_categories" violates foreign key constraint "service_categories_parent_category_id_fkey"
[2025-08-27T18:48:58.583Z] [ERROR] ❌ Failed to create subcategory extentions volume: insert or update on table "service_categories" violates foreign key constraint "service_categories_parent_category_id_fkey"
[2025-08-27T18:48:58.584Z] [ERROR] ❌ Failed to create subcategory hairstyling: insert or update on table "service_categories" violates foreign key constraint "service_categories_parent_category_id_fkey"
[2025-08-27T18:48:58.585Z] [ERROR] ❌ Failed to create subcategory shaping brows: insert or update on table "service_categories" violates foreign key constraint "service_categories_parent_category_id_fkey"
[2025-08-27T18:48:58.586Z] [ERROR] ❌ Failed to create subcategory extentions removing: insert or update on table "service_categories" violates foreign key constraint "service_categories_parent_category_id_fkey"
[2025-08-27T18:48:58.587Z] [ERROR] ❌ Failed to create subcategory french manicure: insert or update on table "service_categories" violates foreign key constraint "service_categories_parent_category_id_fkey"
[2025-08-27T18:48:58.588Z] [ERROR] ❌ Failed to create subcategory extentions mega volume: insert or update on table "service_categories" violates foreign key constraint "service_categories_parent_category_id_fkey"
[2025-08-27T18:48:58.589Z] [ERROR] ❌ Failed to create subcategory classic manicure: insert or update on table "service_categories" violates foreign key constraint "service_categories_parent_category_id_fkey"
