

=== Migration Session Started: 2025-08-27T14:44:54.705Z ===
[2025-08-27T14:44:54.707Z] [INFO ] Starting Phase 4 Step 3: Create Booking-Service Relationships
[2025-08-27T14:44:54.707Z] [INFO ] Found 0 booking-service relationships from JSON fields
[2025-08-27T14:44:54.707Z] [INFO ] Parsing booking_services_service junction table from MySQL dump...
[2025-08-27T14:44:54.707Z] [INFO ] Parsing booking_services_service table from MySQL dump
[2025-08-27T14:44:54.711Z] [WARN ] Column count mismatch for booking_services_service. Expected 3, got 2
[2025-08-27T14:44:54.711Z] [WARN ] Column count mismatch for booking_services_service. Expected 3, got 2
[2025-08-27T14:44:54.711Z] [WARN ] Column count mismatch for booking_services_service. Expected 3, got 2
[2025-08-27T14:44:54.711Z] [WARN ] Column count mismatch for booking_services_service. Expected 3, got 2
[2025-08-27T14:44:54.711Z] [WARN ] Column count mismatch for booking_services_service. Expected 3, got 2
[2025-08-27T14:44:54.711Z] [WARN ] Column count mismatch for booking_services_service. Expected 3, got 2
[2025-08-27T14:44:54.711Z] [WARN ] Column count mismatch for booking_services_service. Expected 3, got 2
[2025-08-27T14:44:54.711Z] [WARN ] Column count mismatch for booking_services_service. Expected 3, got 2
[2025-08-27T14:44:54.711Z] [WARN ] Column count mismatch for booking_services_service. Expected 3, got 2
[2025-08-27T14:44:54.711Z] [WARN ] Column count mismatch for booking_services_service. Expected 3, got 2
[2025-08-27T14:44:54.711Z] [WARN ] Column count mismatch for booking_services_service. Expected 3, got 2
[2025-08-27T14:44:54.711Z] [WARN ] Column count mismatch for booking_services_service. Expected 3, got 2
[2025-08-27T14:44:54.711Z] [WARN ] Column count mismatch for booking_services_service. Expected 3, got 2
[2025-08-27T14:44:54.711Z] [WARN ] Column count mismatch for booking_services_service. Expected 3, got 2
[2025-08-27T14:44:54.712Z] [WARN ] Column count mismatch for booking_services_service. Expected 3, got 2
[2025-08-27T14:44:54.712Z] [WARN ] Column count mismatch for booking_services_service. Expected 3, got 2
[2025-08-27T14:44:54.712Z] [WARN ] Column count mismatch for booking_services_service. Expected 3, got 2
[2025-08-27T14:44:54.712Z] [WARN ] Column count mismatch for booking_services_service. Expected 3, got 2
[2025-08-27T14:44:54.712Z] [WARN ] Column count mismatch for booking_services_service. Expected 3, got 2
[2025-08-27T14:44:54.712Z] [WARN ] Column count mismatch for booking_services_service. Expected 3, got 2
[2025-08-27T14:44:54.712Z] [WARN ] Column count mismatch for booking_services_service. Expected 3, got 2
[2025-08-27T14:44:54.712Z] [SUCCESS] Parsed 0 records from booking_services_service
[2025-08-27T14:44:54.712Z] [INFO ] Found 0 records in booking_services_service table
[2025-08-27T14:44:54.714Z] [INFO ] Loaded 0 service ID mappings from Phase 3
[2025-08-27T14:44:54.714Z] [INFO ] Found 0 booking-service relationships from junction table
[2025-08-27T14:44:54.715Z] [INFO ] Final 0 unique booking-service relationships to create (0 duplicates removed)
[2025-08-27T14:44:54.715Z] [SUCCESS] ✅ Booking-service relationships created successfully!
[2025-08-27T14:44:54.715Z] [INFO ] 📊 Creation Summary:
[2025-08-27T14:44:54.715Z] [INFO ]    - Total relationships: 0
[2025-08-27T14:44:54.715Z] [INFO ]    - From JSON fields: 0
[2025-08-27T14:44:54.715Z] [INFO ]    - From junction table: 0
[2025-08-27T14:44:54.715Z] [INFO ]    - Successfully created: 0
[2025-08-27T14:44:54.715Z] [INFO ]    - Failed: 0
[2025-08-27T14:44:54.715Z] [INFO ]    - Duplicates removed: 0
