[2025-08-27T14:42:11.060Z] [DEBUG] Parsing booking table from dump file
[2025-08-27T14:42:11.063Z] [DEBUG] Found columns for booking:
Data: [
  "id",
  "buyer_id",
  "stylist_id",
  "date_time",
  "duration",
  "amount",
  "currency",
  "status",
  "additional_notes",
  "formatted_address",
  "short_address",
  "address_id",
  "payment_id",
  "chat_id",
  "created_at",
  "updated_at",
  "scheduler_booking_id",
  "service"
]
[2025-08-27T14:42:11.064Z] [DEBUG] Parsed 5 records from booking
[2025-08-27T14:42:11.065Z] [DEBUG] ✓ Transformed booking: 1763609f-34e4-4bbd-87be-898a39b512f6 (system_cancel → cancelled)
[2025-08-27T14:42:11.065Z] [DEBUG] ✓ Transformed booking: 3920843b-738f-496d-8d0e-9c54ec696939 (system_cancel → cancelled)
[2025-08-27T14:42:11.065Z] [DEBUG] ✓ Transformed booking: 4bbd6832-c31f-4456-a5c8-298fb2ed88ab (completed → completed)
[2025-08-27T14:42:11.065Z] [DEBUG] ✓ Transformed booking: 4fbb10f5-35c9-40d4-a9ab-31af521c7799 (completed → completed)
[2025-08-27T14:42:11.065Z] [DEBUG] ✓ Transformed booking: 5107388a-26c7-48fa-8e43-efde6803c5d8 (expired → cancelled)
[2025-08-27T18:48:58.816Z] [DEBUG] Parsing booking table from dump file
[2025-08-27T18:48:58.818Z] [DEBUG] Found columns for booking:
Data: [
  "id",
  "buyer_id",
  "stylist_id",
  "date_time",
  "duration",
  "amount",
  "currency",
  "status",
  "additional_notes",
  "formatted_address",
  "short_address",
  "address_id",
  "payment_id",
  "chat_id",
  "created_at",
  "updated_at",
  "scheduler_booking_id",
  "service"
]
[2025-08-27T18:48:58.819Z] [DEBUG] Parsed 5 records from booking
[2025-08-27T18:48:58.820Z] [DEBUG] ✓ Transformed booking: 1763609f-34e4-4bbd-87be-898a39b512f6 (system_cancel → cancelled)
[2025-08-27T18:48:58.820Z] [DEBUG] ✓ Transformed booking: 3920843b-738f-496d-8d0e-9c54ec696939 (system_cancel → cancelled)
[2025-08-27T18:48:58.820Z] [DEBUG] ✓ Transformed booking: 4bbd6832-c31f-4456-a5c8-298fb2ed88ab (completed → completed)
[2025-08-27T18:48:58.820Z] [DEBUG] ✓ Transformed booking: 4fbb10f5-35c9-40d4-a9ab-31af521c7799 (completed → completed)
[2025-08-27T18:48:58.820Z] [DEBUG] ✓ Transformed booking: 5107388a-26c7-48fa-8e43-efde6803c5d8 (expired → cancelled)
