

=== Migration Session Started: 2025-08-27T14:24:00.787Z ===
[2025-08-27T14:24:00.787Z] [INFO ] Starting Phase 3 Step 1: Extract Categories
[2025-08-27T14:24:00.788Z] [INFO ] Parsing categories from MySQL dump...
[2025-08-27T14:24:00.788Z] [INFO ] Parsing category table from MySQL dump
[2025-08-27T14:24:00.788Z] [ERROR] Failed to parse category table
Data: {
  "message": "No such file or directory",
  "stack": "ENOENT: No such file or directory\n    at readFileSync (native)\n    at <anonymous> (/Users/magnusrodseth/dev/personal/nabostylisten/scripts/migration/phase-1-users/utils/mysql-parser.ts:99:27)\n    at parseTable (/Users/magnusrodseth/dev/personal/nabostylisten/scripts/migration/phase-1-users/utils/mysql-parser.ts:95:23)\n    at <anonymous> (/Users/magnusrodseth/dev/personal/nabostylisten/scripts/migration/phase-3-services/01-extract-categories.ts:50:37)\n    at extractCategories (/Users/magnusrodseth/dev/personal/nabostylisten/scripts/migration/phase-3-services/01-extract-categories.ts:39:40)\n    at module code (/Users/magnusrodseth/dev/personal/nabostylisten/scripts/migration/phase-3-services/01-extract-categories.ts:125:3)\n    at moduleEvaluation (:1:11)\n    at moduleEvaluation (:1:11)\n    at <anonymous> (:2:1)"
}
[2025-08-27T14:24:00.788Z] [ERROR] ❌ Category extraction failed:
Data: {
  "message": "No such file or directory",
  "stack": "ENOENT: No such file or directory\n    at readFileSync (native)\n    at <anonymous> (/Users/magnusrodseth/dev/personal/nabostylisten/scripts/migration/phase-1-users/utils/mysql-parser.ts:99:27)\n    at parseTable (/Users/magnusrodseth/dev/personal/nabostylisten/scripts/migration/phase-1-users/utils/mysql-parser.ts:95:23)\n    at <anonymous> (/Users/magnusrodseth/dev/personal/nabostylisten/scripts/migration/phase-3-services/01-extract-categories.ts:50:37)\n    at extractCategories (/Users/magnusrodseth/dev/personal/nabostylisten/scripts/migration/phase-3-services/01-extract-categories.ts:39:40)\n    at module code (/Users/magnusrodseth/dev/personal/nabostylisten/scripts/migration/phase-3-services/01-extract-categories.ts:125:3)\n    at moduleEvaluation (:1:11)\n    at moduleEvaluation (:1:11)\n    at <anonymous> (:2:1)"
}


=== Migration Session Started: 2025-08-27T14:24:45.049Z ===
[2025-08-27T14:24:45.049Z] [INFO ] Starting Phase 3 Step 1: Extract Categories
[2025-08-27T14:24:45.049Z] [INFO ] Parsing categories from MySQL dump...
[2025-08-27T14:24:45.049Z] [INFO ] Parsing category table from MySQL dump
[2025-08-27T14:24:45.053Z] [WARN ] Column count mismatch for category. Expected 3, got 2
[2025-08-27T14:24:45.053Z] [WARN ] Column count mismatch for category. Expected 3, got 2
[2025-08-27T14:24:45.053Z] [WARN ] Column count mismatch for category. Expected 3, got 2
[2025-08-27T14:24:45.053Z] [WARN ] Column count mismatch for category. Expected 3, got 2
[2025-08-27T14:24:45.053Z] [WARN ] Column count mismatch for category. Expected 3, got 2
[2025-08-27T14:24:45.054Z] [SUCCESS] Parsed 0 records from category
[2025-08-27T14:24:45.054Z] [INFO ] Found 0 categories
[2025-08-27T14:24:45.054Z] [INFO ] Parsing subcategories from MySQL dump...
[2025-08-27T14:24:45.054Z] [INFO ] Parsing subcategory table from MySQL dump
[2025-08-27T14:24:45.067Z] [SUCCESS] Parsed 39 records from subcategory
[2025-08-27T14:24:45.067Z] [INFO ] Found 39 subcategories
[2025-08-27T14:24:45.067Z] [INFO ] Transforming categories to unified structure...
[2025-08-27T14:24:45.069Z] [SUCCESS] ✅ Categories extracted successfully!
[2025-08-27T14:24:45.069Z] [INFO ] 📊 Statistics:
[2025-08-27T14:24:45.069Z] [INFO ]    - Top-level categories: 0
[2025-08-27T14:24:45.069Z] [INFO ]    - Subcategories: 39
[2025-08-27T14:24:45.069Z] [INFO ]    - Total service categories to create: 39


=== Migration Session Started: 2025-08-27T18:48:58.473Z ===
[2025-08-27T18:48:58.473Z] [INFO ] Starting Phase 3 Step 1: Extract Categories
[2025-08-27T18:48:58.474Z] [INFO ] Parsing categories from MySQL dump...
[2025-08-27T18:48:58.474Z] [INFO ] Parsing category table from MySQL dump
[2025-08-27T18:48:58.479Z] [WARN ] Column count mismatch for category. Expected 3, got 2
[2025-08-27T18:48:58.479Z] [WARN ] Column count mismatch for category. Expected 3, got 2
[2025-08-27T18:48:58.479Z] [WARN ] Column count mismatch for category. Expected 3, got 2
[2025-08-27T18:48:58.479Z] [WARN ] Column count mismatch for category. Expected 3, got 2
[2025-08-27T18:48:58.479Z] [WARN ] Column count mismatch for category. Expected 3, got 2
[2025-08-27T18:48:58.479Z] [SUCCESS] Parsed 0 records from category
[2025-08-27T18:48:58.479Z] [INFO ] Found 0 categories
[2025-08-27T18:48:58.479Z] [INFO ] Parsing subcategories from MySQL dump...
[2025-08-27T18:48:58.479Z] [INFO ] Parsing subcategory table from MySQL dump
[2025-08-27T18:48:58.494Z] [SUCCESS] Parsed 39 records from subcategory
[2025-08-27T18:48:58.494Z] [INFO ] Found 39 subcategories
[2025-08-27T18:48:58.494Z] [INFO ] Transforming categories to unified structure...
[2025-08-27T18:48:58.496Z] [SUCCESS] ✅ Categories extracted successfully!
[2025-08-27T18:48:58.496Z] [INFO ] 📊 Statistics:
[2025-08-27T18:48:58.496Z] [INFO ]    - Top-level categories: 0
[2025-08-27T18:48:58.496Z] [INFO ]    - Subcategories: 39
[2025-08-27T18:48:58.496Z] [INFO ]    - Total service categories to create: 39
