[2025-08-27T14:24:45.319Z] [ERROR] ❌ Failed to create service this is the service for bridal hair bhbnbn n n nbbn: insert or update on table "services" violates foreign key constraint "services_stylist_id_fkey"
[2025-08-27T14:24:45.322Z] [ERROR] ❌ Failed to create service A keratin treatment is a process that smooths and often straightens hair. You might also hear it ...: insert or update on table "services" violates foreign key constraint "services_stylist_id_fkey"
[2025-08-27T14:24:45.323Z] [ERROR] ❌ Failed to create service Hhhhhwyyyyyyy: insert or update on table "services" violates foreign key constraint "services_stylist_id_fkey"
[2025-08-27T14:24:45.325Z] [ERROR] ❌ Failed to create service Test Query.: insert or update on table "services" violates foreign key constraint "services_stylist_id_fkey"
[2025-08-27T14:24:45.326Z] [ERROR] ❌ Failed to create service Test Query: insert or update on table "services" violates foreign key constraint "services_stylist_id_fkey"
[2025-08-27T14:24:45.327Z] [ERROR] ❌ Failed to create service Random Text: insert or update on table "services" violates foreign key constraint "services_stylist_id_fkey"
[2025-08-27T14:24:45.328Z] [ERROR] ❌ Failed to create service Randomvvv: insert or update on table "services" violates foreign key constraint "services_stylist_id_fkey"
[2025-08-27T14:24:45.329Z] [ERROR] ❌ Failed to create service AS: insert or update on table "services" violates foreign key constraint "services_stylist_id_fkey"
[2025-08-27T14:24:45.330Z] [ERROR] ❌ Failed to create service new stylist ombre service: insert or update on table "services" violates foreign key constraint "services_stylist_id_fkey"
[2025-08-27T14:24:45.331Z] [ERROR] ❌ Failed to create service hey: insert or update on table "services" violates foreign key constraint "services_stylist_id_fkey"
[2025-08-27T14:24:45.333Z] [ERROR] ❌ Failed to create service highlights testy: insert or update on table "services" violates foreign key constraint "services_stylist_id_fkey"
[2025-08-27T14:24:45.334Z] [ERROR] ❌ Failed to create service Random Text tygggggg today: insert or update on table "services" violates foreign key constraint "services_stylist_id_fkey"
[2025-08-27T14:24:45.335Z] [ERROR] ❌ Failed to create service qqq aaa cccfgfgdfgdfgfd dfggf gdfg dfgfdg dgf fdg gsdasds dsf sdgdgfd gfcvc bcvbht dgd gfdg. dfgf...: insert or update on table "services" violates foreign key constraint "services_stylist_id_fkey"
[2025-08-27T14:24:45.336Z] [ERROR] ❌ Failed to create service this is the description for: insert or update on table "services" violates foreign key constraint "services_stylist_id_fkey"
[2025-08-27T14:29:28.571Z] [ERROR] ❌ Failed to create service this is the service for bridal hair bhbnbn n n nbbn: insert or update on table "services" violates foreign key constraint "services_stylist_id_fkey"
[2025-08-27T14:29:28.580Z] [ERROR] ❌ Failed to create service A keratin treatment is a process that smooths and often straightens hair. You might also hear it ...: insert or update on table "services" violates foreign key constraint "services_stylist_id_fkey"
[2025-08-27T14:29:28.586Z] [ERROR] ❌ Failed to create service Hhhhhwyyyyyyy: insert or update on table "services" violates foreign key constraint "services_stylist_id_fkey"
[2025-08-27T14:29:28.588Z] [ERROR] ❌ Failed to create service Test Query.: insert or update on table "services" violates foreign key constraint "services_stylist_id_fkey"
[2025-08-27T14:29:28.589Z] [ERROR] ❌ Failed to create service Test Query: insert or update on table "services" violates foreign key constraint "services_stylist_id_fkey"
[2025-08-27T14:29:28.590Z] [ERROR] ❌ Failed to create service Random Text: insert or update on table "services" violates foreign key constraint "services_stylist_id_fkey"
[2025-08-27T14:29:28.592Z] [ERROR] ❌ Failed to create service Randomvvv: insert or update on table "services" violates foreign key constraint "services_stylist_id_fkey"
[2025-08-27T14:29:28.593Z] [ERROR] ❌ Failed to create service AS: insert or update on table "services" violates foreign key constraint "services_stylist_id_fkey"
[2025-08-27T14:29:28.594Z] [ERROR] ❌ Failed to create service new stylist ombre service: insert or update on table "services" violates foreign key constraint "services_stylist_id_fkey"
[2025-08-27T14:29:28.595Z] [ERROR] ❌ Failed to create service hey: insert or update on table "services" violates foreign key constraint "services_stylist_id_fkey"
[2025-08-27T14:29:28.596Z] [ERROR] ❌ Failed to create service highlights testy: insert or update on table "services" violates foreign key constraint "services_stylist_id_fkey"
[2025-08-27T14:29:28.597Z] [ERROR] ❌ Failed to create service Random Text tygggggg today: insert or update on table "services" violates foreign key constraint "services_stylist_id_fkey"
[2025-08-27T14:29:28.598Z] [ERROR] ❌ Failed to create service qqq aaa cccfgfgdfgdfgfd dfggf gdfg dfgfdg dgf fdg gsdasds dsf sdgdgfd gfcvc bcvbht dgd gfdg. dfgf...: insert or update on table "services" violates foreign key constraint "services_stylist_id_fkey"
[2025-08-27T14:29:28.599Z] [ERROR] ❌ Failed to create service this is the description for: insert or update on table "services" violates foreign key constraint "services_stylist_id_fkey"
